
*** Running vivado
    with args -log mux.vdi -applog -m64 -product Vivado -messageDb vivado.pb -mode batch -source mux.tcl -notrace


****** Vivado v2016.4 (64-bit)
  **** SW Build 1756540 on Mon Jan 23 19:11:19 MST 2017
  **** IP Build 1755317 on Mon Jan 23 20:30:07 MST 2017
    ** Copyright 1986-2016 Xilinx, Inc. All Rights Reserved.

source mux.tcl -notrace
Design is defaulting to srcset: sources_1
Design is defaulting to constrset: constrs_1
INFO: [Project 1-479] Netlist was created with Vivado 2016.4
INFO: [Device 21-403] Loading part xc7a35tcpg236-1
INFO: [Project 1-570] Preparing netlist for logic optimization
Parsing XDC File [/home/ecelrc/students/cjanecka/EE316L/Lab2_mux/Lab2_mux.srcs/constrs_1/imports/files/mux_constrs.xdc]
Finished Parsing XDC File [/home/ecelrc/students/cjanecka/EE316L/Lab2_mux/Lab2_mux.srcs/constrs_1/imports/files/mux_constrs.xdc]
INFO: [Opt 31-138] Pushed 0 inverter(s) to 0 load pin(s).
INFO: [Project 1-111] Unisim Transformation Summary:
No Unisim elements were transformed.

link_design: Time (s): cpu = 00:00:05 ; elapsed = 00:00:05 . Memory (MB): peak = 1358.207 ; gain = 265.922 ; free physical = 111919 ; free virtual = 123875
INFO: [Vivado_Tcl 4-424] Cannot write hardware definition file as there are no IPI block design hardware handoff files present
Command: opt_design
Attempting to get a license for feature 'Implementation' and/or device 'xc7a35t'
INFO: [Common 17-349] Got license for feature 'Implementation' and/or device 'xc7a35t'
Running DRC as a precondition to command opt_design

Starting DRC Task
INFO: [DRC 23-27] Running DRC with 8 threads
INFO: [Project 1-461] DRC finished with 0 Errors
INFO: [Project 1-462] Please refer to the DRC report (report_drc) for more information.

Time (s): cpu = 00:00:00.08 ; elapsed = 00:00:00.09 . Memory (MB): peak = 1422.234 ; gain = 64.027 ; free physical = 111918 ; free virtual = 123873
INFO: [Timing 38-35] Done setting XDC timing constraints.

Starting Logic Optimization Task
Implement Debug Cores | Checksum: 1715da7ea

Phase 1 Retarget
INFO: [Opt 31-138] Pushed 0 inverter(s) to 0 load pin(s).
INFO: [Opt 31-49] Retargeted 0 cell(s).
Phase 1 Retarget | Checksum: 1715da7ea

Time (s): cpu = 00:00:00 ; elapsed = 00:00:00 . Memory (MB): peak = 1786.668 ; gain = 0.000 ; free physical = 111559 ; free virtual = 123515

Phase 2 Constant propagation
INFO: [Opt 31-138] Pushed 0 inverter(s) to 0 load pin(s).
INFO: [Opt 31-10] Eliminated 0 cells.
Phase 2 Constant propagation | Checksum: 1715da7ea

Time (s): cpu = 00:00:00 ; elapsed = 00:00:00 . Memory (MB): peak = 1786.668 ; gain = 0.000 ; free physical = 111559 ; free virtual = 123515

Phase 3 Sweep
INFO: [Opt 31-12] Eliminated 0 unconnected nets.
INFO: [Opt 31-11] Eliminated 0 unconnected cells.
Phase 3 Sweep | Checksum: 1715da7ea

Time (s): cpu = 00:00:00.01 ; elapsed = 00:00:00 . Memory (MB): peak = 1786.668 ; gain = 0.000 ; free physical = 111559 ; free virtual = 123515

Phase 4 BUFG optimization
INFO: [Opt 31-12] Eliminated 0 unconnected nets.
INFO: [Opt 31-11] Eliminated 0 unconnected cells.
Phase 4 BUFG optimization | Checksum: 1715da7ea

Time (s): cpu = 00:00:00.01 ; elapsed = 00:00:00.01 . Memory (MB): peak = 1786.668 ; gain = 0.000 ; free physical = 111559 ; free virtual = 123515

Starting Connectivity Check Task

Time (s): cpu = 00:00:00 ; elapsed = 00:00:00 . Memory (MB): peak = 1786.668 ; gain = 0.000 ; free physical = 111559 ; free virtual = 123515
Ending Logic Optimization Task | Checksum: 1715da7ea

Time (s): cpu = 00:00:00.01 ; elapsed = 00:00:00.01 . Memory (MB): peak = 1786.668 ; gain = 0.000 ; free physical = 111559 ; free virtual = 123515

Starting Power Optimization Task
INFO: [Pwropt 34-132] Skipping clock gating for clocks with a period < 2.00 ns.
Ending Power Optimization Task | Checksum: 1715da7ea

Time (s): cpu = 00:00:00 ; elapsed = 00:00:00.01 . Memory (MB): peak = 1786.668 ; gain = 0.000 ; free physical = 111559 ; free virtual = 123515
INFO: [Common 17-83] Releasing license: Implementation
21 Infos, 0 Warnings, 0 Critical Warnings and 0 Errors encountered.
opt_design completed successfully
opt_design: Time (s): cpu = 00:00:10 ; elapsed = 00:00:10 . Memory (MB): peak = 1786.668 ; gain = 428.461 ; free physical = 111559 ; free virtual = 123515
Writing placer database...
Writing XDEF routing.
Writing XDEF routing logical nets.
Writing XDEF routing special nets.
Write XDEF Complete: Time (s): cpu = 00:00:00.02 ; elapsed = 00:00:00.04 . Memory (MB): peak = 1810.676 ; gain = 0.000 ; free physical = 111559 ; free virtual = 123515
INFO: [Common 17-1381] The checkpoint '/home/ecelrc/students/cjanecka/EE316L/Lab2_mux/Lab2_mux.runs/impl_1/mux_opt.dcp' has been generated.
INFO: [DRC 23-27] Running DRC with 8 threads
INFO: [Coretcl 2-168] The results of DRC are in file /home/ecelrc/students/cjanecka/EE316L/Lab2_mux/Lab2_mux.runs/impl_1/mux_drc_opted.rpt.
INFO: [Chipscope 16-241] No debug cores found in the current design.
Before running the implement_debug_core command, either use the Set Up Debug wizard (GUI mode)
or use the create_debug_core and connect_debug_core Tcl commands to insert debug cores into the design.
Command: place_design
Attempting to get a license for feature 'Implementation' and/or device 'xc7a35t'
INFO: [Common 17-349] Got license for feature 'Implementation' and/or device 'xc7a35t'
INFO: [DRC 23-27] Running DRC with 8 threads
INFO: [Vivado_Tcl 4-198] DRC finished with 0 Errors
INFO: [Vivado_Tcl 4-199] Please refer to the DRC report (report_drc) for more information.
Running DRC as a precondition to command place_design
INFO: [DRC 23-27] Running DRC with 8 threads
INFO: [Vivado_Tcl 4-198] DRC finished with 0 Errors
INFO: [Vivado_Tcl 4-199] Please refer to the DRC report (report_drc) for more information.

Starting Placer Task
INFO: [Place 30-611] Multithreading enabled for place_design using a maximum of 8 CPUs

Phase 1 Placer Initialization
Netlist sorting complete. Time (s): cpu = 00:00:00 ; elapsed = 00:00:00 . Memory (MB): peak = 1852.652 ; gain = 0.000 ; free physical = 111539 ; free virtual = 123494
Netlist sorting complete. Time (s): cpu = 00:00:00 ; elapsed = 00:00:00 . Memory (MB): peak = 1852.652 ; gain = 0.000 ; free physical = 111539 ; free virtual = 123494

Phase 1.1 IO Placement/ Clock Placement/ Build Placer Device
INFO: [Timing 38-35] Done setting XDC timing constraints.
Phase 1.1 IO Placement/ Clock Placement/ Build Placer Device | Checksum: 1615138ed

Time (s): cpu = 00:00:00.45 ; elapsed = 00:00:00.41 . Memory (MB): peak = 1879.664 ; gain = 27.012 ; free physical = 111537 ; free virtual = 123492

Phase 1.2 Build Placer Netlist Model
Phase 1.2 Build Placer Netlist Model | Checksum: 1a59626e5

Time (s): cpu = 00:00:00.47 ; elapsed = 00:00:00.41 . Memory (MB): peak = 1879.664 ; gain = 27.012 ; free physical = 111536 ; free virtual = 123492

Phase 1.3 Constrain Clocks/Macros
Phase 1.3 Constrain Clocks/Macros | Checksum: 1a59626e5

Time (s): cpu = 00:00:00.48 ; elapsed = 00:00:00.49 . Memory (MB): peak = 1879.664 ; gain = 27.012 ; free physical = 111530 ; free virtual = 123486
Phase 1 Placer Initialization | Checksum: 1a59626e5

Time (s): cpu = 00:00:00.48 ; elapsed = 00:00:00.49 . Memory (MB): peak = 1879.664 ; gain = 27.012 ; free physical = 111530 ; free virtual = 123486

Phase 2 Final Placement Cleanup
Phase 2 Final Placement Cleanup | Checksum: 1a59626e5

Time (s): cpu = 00:00:00.48 ; elapsed = 00:00:00.49 . Memory (MB): peak = 1879.664 ; gain = 27.012 ; free physical = 111538 ; free virtual = 123494
INFO: [Place 30-281] No place-able instance is found; design doesn't contain any instance or all instances are placed
Ending Placer Task | Checksum: 1615138ed

Time (s): cpu = 00:00:00.48 ; elapsed = 00:00:00.50 . Memory (MB): peak = 1879.664 ; gain = 27.012 ; free physical = 111542 ; free virtual = 123498
INFO: [Common 17-83] Releasing license: Implementation
36 Infos, 0 Warnings, 0 Critical Warnings and 0 Errors encountered.
place_design completed successfully
Writing placer database...
Writing XDEF routing.
Writing XDEF routing logical nets.
Writing XDEF routing special nets.
Write XDEF Complete: Time (s): cpu = 00:00:00.01 ; elapsed = 00:00:00.04 . Memory (MB): peak = 1879.664 ; gain = 0.000 ; free physical = 111541 ; free virtual = 123498
INFO: [Common 17-1381] The checkpoint '/home/ecelrc/students/cjanecka/EE316L/Lab2_mux/Lab2_mux.runs/impl_1/mux_placed.dcp' has been generated.
report_io: Time (s): cpu = 00:00:00.07 ; elapsed = 00:00:00.14 . Memory (MB): peak = 1882.660 ; gain = 2.992 ; free physical = 111537 ; free virtual = 123493
report_utilization: Time (s): cpu = 00:00:00.04 ; elapsed = 00:00:00.09 . Memory (MB): peak = 1882.660 ; gain = 0.000 ; free physical = 111527 ; free virtual = 123483
report_control_sets: Time (s): cpu = 00:00:00.02 ; elapsed = 00:00:00.07 . Memory (MB): peak = 1882.660 ; gain = 0.000 ; free physical = 111537 ; free virtual = 123494
Command: route_design
Attempting to get a license for feature 'Implementation' and/or device 'xc7a35t'
INFO: [Common 17-349] Got license for feature 'Implementation' and/or device 'xc7a35t'
Running DRC as a precondition to command route_design
INFO: [DRC 23-27] Running DRC with 8 threads
INFO: [Vivado_Tcl 4-198] DRC finished with 0 Errors
INFO: [Vivado_Tcl 4-199] Please refer to the DRC report (report_drc) for more information.


Starting Routing Task
INFO: [Route 35-254] Multithreading enabled for route_design using a maximum of 8 CPUs
Checksum: PlaceDB: 7de40a53 ConstDB: 0 ShapeSum: e36d2e9a RouteDB: 0

Phase 1 Build RT Design
Phase 1 Build RT Design | Checksum: 161c15fd6

Time (s): cpu = 00:00:17 ; elapsed = 00:00:14 . Memory (MB): peak = 2013.344 ; gain = 95.668 ; free physical = 111417 ; free virtual = 123374

Phase 2 Router Initialization
INFO: [Route 35-64] No timing constraints were detected. The router will operate in resource-optimization mode.

Phase 2.1 Fix Topology Constraints
Phase 2.1 Fix Topology Constraints | Checksum: 161c15fd6

Time (s): cpu = 00:00:17 ; elapsed = 00:00:14 . Memory (MB): peak = 2019.332 ; gain = 101.656 ; free physical = 111385 ; free virtual = 123342

Phase 2.2 Pre Route Cleanup
Phase 2.2 Pre Route Cleanup | Checksum: 161c15fd6

Time (s): cpu = 00:00:17 ; elapsed = 00:00:14 . Memory (MB): peak = 2019.332 ; gain = 101.656 ; free physical = 111385 ; free virtual = 123341
 Number of Nodes with overlaps = 0
Phase 2 Router Initialization | Checksum: 1543bfc74

Time (s): cpu = 00:00:17 ; elapsed = 00:00:14 . Memory (MB): peak = 2023.332 ; gain = 105.656 ; free physical = 111371 ; free virtual = 123327

Phase 3 Initial Routing
 Number of Nodes with overlaps = 0
Phase 3 Initial Routing | Checksum: 1543bfc74

Time (s): cpu = 00:00:17 ; elapsed = 00:00:14 . Memory (MB): peak = 2023.332 ; gain = 105.656 ; free physical = 111384 ; free virtual = 123340

Phase 4 Rip-up And Reroute

Phase 4.1 Global Iteration 0
Phase 4.1 Global Iteration 0 | Checksum: 1543bfc74

Time (s): cpu = 00:00:17 ; elapsed = 00:00:14 . Memory (MB): peak = 2023.332 ; gain = 105.656 ; free physical = 111383 ; free virtual = 123340

Phase 4.2 Global Iteration 1
Phase 4.2 Global Iteration 1 | Checksum: 1543bfc74

Time (s): cpu = 00:00:17 ; elapsed = 00:00:14 . Memory (MB): peak = 2023.332 ; gain = 105.656 ; free physical = 111383 ; free virtual = 123340

Phase 4.3 Global Iteration 2
Phase 4.3 Global Iteration 2 | Checksum: 1543bfc74

Time (s): cpu = 00:00:17 ; elapsed = 00:00:14 . Memory (MB): peak = 2023.332 ; gain = 105.656 ; free physical = 111383 ; free virtual = 123340

Phase 4.4 Global Iteration 3
Phase 4.4 Global Iteration 3 | Checksum: 1543bfc74

Time (s): cpu = 00:00:17 ; elapsed = 00:00:14 . Memory (MB): peak = 2023.332 ; gain = 105.656 ; free physical = 111383 ; free virtual = 123340

Phase 4.5 Global Iteration 4
Phase 4.5 Global Iteration 4 | Checksum: 1543bfc74

Time (s): cpu = 00:00:17 ; elapsed = 00:00:14 . Memory (MB): peak = 2023.332 ; gain = 105.656 ; free physical = 111383 ; free virtual = 123340
Phase 4 Rip-up And Reroute | Checksum: 1543bfc74

Time (s): cpu = 00:00:17 ; elapsed = 00:00:14 . Memory (MB): peak = 2023.332 ; gain = 105.656 ; free physical = 111383 ; free virtual = 123339

Phase 5 Delay and Skew Optimization
Phase 5 Delay and Skew Optimization | Checksum: 1543bfc74

Time (s): cpu = 00:00:17 ; elapsed = 00:00:14 . Memory (MB): peak = 2023.332 ; gain = 105.656 ; free physical = 111383 ; free virtual = 123339

Phase 6 Post Hold Fix

Phase 6.1 Hold Fix Iter
Phase 6.1 Hold Fix Iter | Checksum: 1543bfc74

Time (s): cpu = 00:00:17 ; elapsed = 00:00:14 . Memory (MB): peak = 2023.332 ; gain = 105.656 ; free physical = 111383 ; free virtual = 123339
Phase 6 Post Hold Fix | Checksum: 1543bfc74

Time (s): cpu = 00:00:17 ; elapsed = 00:00:14 . Memory (MB): peak = 2023.332 ; gain = 105.656 ; free physical = 111383 ; free virtual = 123339

Phase 7 Route finalize

Router Utilization Summary
  Global Vertical Routing Utilization    = 0 %
  Global Horizontal Routing Utilization  = 0 %
  Routable Net Status*
  *Does not include unroutable nets such as driverless and loadless.
  Run report_route_status for detailed report.
  Number of Failed Nets               = 0
  Number of Unrouted Nets             = 0
  Number of Partially Routed Nets     = 0
  Number of Node Overlaps             = 0

Congestion Report
North Dir 1x1 Area, Max Cong = 0%, No Congested Regions.
South Dir 1x1 Area, Max Cong = 0%, No Congested Regions.
East Dir 1x1 Area, Max Cong = 0%, No Congested Regions.
West Dir 1x1 Area, Max Cong = 0%, No Congested Regions.
Phase 7 Route finalize | Checksum: 1543bfc74

Time (s): cpu = 00:00:17 ; elapsed = 00:00:14 . Memory (MB): peak = 2023.332 ; gain = 105.656 ; free physical = 111382 ; free virtual = 123338

Phase 8 Verifying routed nets

 Verification completed successfully
Phase 8 Verifying routed nets | Checksum: 1543bfc74

Time (s): cpu = 00:00:17 ; elapsed = 00:00:14 . Memory (MB): peak = 2026.332 ; gain = 108.656 ; free physical = 111379 ; free virtual = 123335

Phase 9 Depositing Routes
Phase 9 Depositing Routes | Checksum: 1543bfc74

Time (s): cpu = 00:00:17 ; elapsed = 00:00:14 . Memory (MB): peak = 2026.332 ; gain = 108.656 ; free physical = 111379 ; free virtual = 123335
INFO: [Route 35-16] Router Completed Successfully

Time (s): cpu = 00:00:17 ; elapsed = 00:00:14 . Memory (MB): peak = 2026.332 ; gain = 108.656 ; free physical = 111379 ; free virtual = 123335

Routing Is Done.
INFO: [Common 17-83] Releasing license: Implementation
45 Infos, 0 Warnings, 0 Critical Warnings and 0 Errors encountered.
route_design completed successfully
route_design: Time (s): cpu = 00:00:17 ; elapsed = 00:00:15 . Memory (MB): peak = 2026.336 ; gain = 143.676 ; free physical = 111378 ; free virtual = 123334
Writing placer database...
Writing XDEF routing.
Writing XDEF routing logical nets.
Writing XDEF routing special nets.
Write XDEF Complete: Time (s): cpu = 00:00:00.02 ; elapsed = 00:00:00.03 . Memory (MB): peak = 2026.336 ; gain = 0.000 ; free physical = 111374 ; free virtual = 123331
INFO: [Common 17-1381] The checkpoint '/home/ecelrc/students/cjanecka/EE316L/Lab2_mux/Lab2_mux.runs/impl_1/mux_routed.dcp' has been generated.
INFO: [DRC 23-27] Running DRC with 8 threads
INFO: [Coretcl 2-168] The results of DRC are in file /home/ecelrc/students/cjanecka/EE316L/Lab2_mux/Lab2_mux.runs/impl_1/mux_drc_routed.rpt.
INFO: [Timing 38-35] Done setting XDC timing constraints.
INFO: [DRC 23-133] Running Methodology with 8 threads
INFO: [Coretcl 2-1520] The results of Report Methodology are in file /home/ecelrc/students/cjanecka/EE316L/Lab2_mux/Lab2_mux.runs/impl_1/mux_methodology_drc_routed.rpt.
INFO: [Timing 38-35] Done setting XDC timing constraints.
INFO: [Timing 38-91] UpdateTimingParams: Speed grade: -1, Delay Type: min_max.
INFO: [Timing 38-191] Multithreading enabled for timing update using a maximum of 8 CPUs
INFO: [Timing 38-35] Done setting XDC timing constraints.
WARNING: [Timing 38-313] There are no user specified timing constraints. Timing constraints are needed for proper timing analysis.
Command: report_power -file mux_power_routed.rpt -pb mux_power_summary_routed.pb -rpx mux_power_routed.rpx
WARNING: [Power 33-232] No user defined clocks were found in the design!
Resolution: Please specify clocks using create_clock/create_generated_clock for sequential elements. For pure combinatorial circuits, please specify a virtual clock, otherwise the vectorless estimation might be inaccurate
Running Vector-less Activity Propagation...

Finished Running Vector-less Activity Propagation
55 Infos, 2 Warnings, 0 Critical Warnings and 0 Errors encountered.
report_power completed successfully
Command: write_bitstream -force -no_partial_bitfile mux.bit
Attempting to get a license for feature 'Implementation' and/or device 'xc7a35t'
INFO: [Common 17-349] Got license for feature 'Implementation' and/or device 'xc7a35t'
Running DRC as a precondition to command write_bitstream
INFO: [DRC 23-27] Running DRC with 8 threads
WARNING: [DRC 23-20] Rule violation (CFGBVS-1) Missing CFGBVS and CONFIG_VOLTAGE Design Properties - Neither the CFGBVS nor CONFIG_VOLTAGE voltage property is set in the current_design.  Configuration bank voltage select (CFGBVS) must be set to VCCO or GND, and CONFIG_VOLTAGE must be set to the correct configuration voltage, in order to determine the I/O voltage support for the pins in bank 0.  It is suggested to specify these either using the 'Edit Device Properties' function in the GUI or directly in the XDC file using the following syntax:

 set_property CFGBVS value1 [current_design]
 #where value1 is either VCCO or GND

 set_property CONFIG_VOLTAGE value2 [current_design]
 #where value2 is the voltage provided to configuration bank 0

Refer to the device configuration user guide for more information.
INFO: [Vivado 12-3199] DRC finished with 0 Errors, 1 Warnings
INFO: [Vivado 12-3200] Please refer to the DRC report (report_drc) for more information.
Loading data files...
Loading site data...
Loading route data...
Processing options...
Creating bitmap...
Creating bitstream...
Writing bitstream ./mux.bit...
INFO: [Vivado 12-1842] Bitgen Completed Successfully.
INFO: [Common 17-83] Releasing license: Implementation
61 Infos, 3 Warnings, 0 Critical Warnings and 0 Errors encountered.
write_bitstream completed successfully
write_bitstream: Time (s): cpu = 00:00:08 ; elapsed = 00:00:08 . Memory (MB): peak = 2379.062 ; gain = 297.625 ; free physical = 111048 ; free virtual = 123006
INFO: [Vivado_Tcl 4-395] Unable to parse hwdef file mux.hwdef
INFO: [Common 17-206] Exiting Vivado at Thu Feb 13 18:06:18 2020...
