Copyright 1986-2016 Xilinx, Inc. All Rights Reserved.
-------------------------------------------------------------------------------------------------------------
| Tool Version : Vivado v.2016.4 (lin64) Build 1756540 Mon Jan 23 19:11:19 MST 2017
| Date         : Fri Feb 28 15:00:21 2020
| Host         : kamek running 64-bit CentOS release 6.10 (Final)
| Command      : report_methodology -file bcd_methodology_drc_routed.rpt -rpx bcd_methodology_drc_routed.rpx
| Design       : bcd
| Device       : xc7a35tcpg236-1
| Speed File   : -1
| Design State : Routed
-------------------------------------------------------------------------------------------------------------

Report Methodology

Table of Contents
-----------------
1. REPORT SUMMARY
2. REPORT DETAILS

1. REPORT SUMMARY
-----------------
            Netlist: netlist
          Floorplan: design_1
      Design limits: <entire design considered>
             Max violations: <unlimited>
             Violations found: 0
+------+----------+-------------+------------+
| Rule | Severity | Description | Violations |
+------+----------+-------------+------------+
+------+----------+-------------+------------+

2. REPORT DETAILS
-----------------

