
*** Running vivado
    with args -log mult.vds -m64 -product Vivado -mode batch -messageDb vivado.pb -notrace -source mult.tcl


****** Vivado v2016.4 (64-bit)
  **** SW Build 1756540 on Mon Jan 23 19:11:19 MST 2017
  **** IP Build 1755317 on Mon Jan 23 20:30:07 MST 2017
    ** Copyright 1986-2016 Xilinx, Inc. All Rights Reserved.

source mult.tcl -notrace
Command: synth_design -top mult -part xc7a35tcpg236-1
Starting synth_design
Attempting to get a license for feature 'Synthesis' and/or device 'xc7a35t'
INFO: [Common 17-349] Got license for feature 'Synthesis' and/or device 'xc7a35t'
INFO: Launching helper process for spawning children vivado processes
INFO: Helper process launched with PID 5614 
---------------------------------------------------------------------------------
Starting RTL Elaboration : Time (s): cpu = 00:00:08 ; elapsed = 00:00:09 . Memory (MB): peak = 1144.441 ; gain = 125.078 ; free physical = 81268 ; free virtual = 87968
---------------------------------------------------------------------------------
INFO: [Synth 8-638] synthesizing module 'mult' [/home/ecelrc/students/cjanecka/EE316L/Lab6/ShiftAddMultiplier/ShiftAddMultiplier.srcs/sources_1/new/mult.v:23]
WARNING: [Synth 8-567] referenced signal 'start' should be on the sensitivity list [/home/ecelrc/students/cjanecka/EE316L/Lab6/ShiftAddMultiplier/ShiftAddMultiplier.srcs/sources_1/new/mult.v:57]
WARNING: [Synth 8-567] referenced signal 'sw' should be on the sensitivity list [/home/ecelrc/students/cjanecka/EE316L/Lab6/ShiftAddMultiplier/ShiftAddMultiplier.srcs/sources_1/new/mult.v:57]
INFO: [Synth 8-256] done synthesizing module 'mult' (1#1) [/home/ecelrc/students/cjanecka/EE316L/Lab6/ShiftAddMultiplier/ShiftAddMultiplier.srcs/sources_1/new/mult.v:23]
---------------------------------------------------------------------------------
Finished RTL Elaboration : Time (s): cpu = 00:00:09 ; elapsed = 00:00:10 . Memory (MB): peak = 1185.926 ; gain = 166.562 ; free physical = 81230 ; free virtual = 87930
---------------------------------------------------------------------------------

Report Check Netlist: 
+------+------------------+-------+---------+-------+------------------+
|      |Item              |Errors |Warnings |Status |Description       |
+------+------------------+-------+---------+-------+------------------+
|1     |multi_driven_nets |      0|        0|Passed |Multi driven nets |
+------+------------------+-------+---------+-------+------------------+
---------------------------------------------------------------------------------
Finished RTL Optimization Phase 1 : Time (s): cpu = 00:00:09 ; elapsed = 00:00:10 . Memory (MB): peak = 1185.926 ; gain = 166.562 ; free physical = 81229 ; free virtual = 87929
---------------------------------------------------------------------------------
INFO: [Device 21-403] Loading part xc7a35tcpg236-1
INFO: [Project 1-570] Preparing netlist for logic optimization

Processing XDC Constraints
Initializing timing engine
Parsing XDC File [/home/ecelrc/students/cjanecka/EE316L/Lab6/ShiftAddMultiplier/ShiftAddMultiplier.srcs/constrs_1/new/mult_constrs.xdc]
WARNING: [Vivado 12-584] No ports matched 'sw[8]'. [/home/ecelrc/students/cjanecka/EE316L/Lab6/ShiftAddMultiplier/ShiftAddMultiplier.srcs/constrs_1/new/mult_constrs.xdc:24]
CRITICAL WARNING: [Common 17-55] 'set_property' expects at least one object. [/home/ecelrc/students/cjanecka/EE316L/Lab6/ShiftAddMultiplier/ShiftAddMultiplier.srcs/constrs_1/new/mult_constrs.xdc:24]
Resolution: If [get_<value>] was used to populate the object, check to make sure this command returns at least one valid object.
WARNING: [Vivado 12-584] No ports matched 'sw[8]'. [/home/ecelrc/students/cjanecka/EE316L/Lab6/ShiftAddMultiplier/ShiftAddMultiplier.srcs/constrs_1/new/mult_constrs.xdc:25]
CRITICAL WARNING: [Common 17-55] 'set_property' expects at least one object. [/home/ecelrc/students/cjanecka/EE316L/Lab6/ShiftAddMultiplier/ShiftAddMultiplier.srcs/constrs_1/new/mult_constrs.xdc:25]
Resolution: If [get_<value>] was used to populate the object, check to make sure this command returns at least one valid object.
WARNING: [Vivado 12-584] No ports matched 'sw[9]'. [/home/ecelrc/students/cjanecka/EE316L/Lab6/ShiftAddMultiplier/ShiftAddMultiplier.srcs/constrs_1/new/mult_constrs.xdc:26]
CRITICAL WARNING: [Common 17-55] 'set_property' expects at least one object. [/home/ecelrc/students/cjanecka/EE316L/Lab6/ShiftAddMultiplier/ShiftAddMultiplier.srcs/constrs_1/new/mult_constrs.xdc:26]
Resolution: If [get_<value>] was used to populate the object, check to make sure this command returns at least one valid object.
WARNING: [Vivado 12-584] No ports matched 'sw[9]'. [/home/ecelrc/students/cjanecka/EE316L/Lab6/ShiftAddMultiplier/ShiftAddMultiplier.srcs/constrs_1/new/mult_constrs.xdc:27]
CRITICAL WARNING: [Common 17-55] 'set_property' expects at least one object. [/home/ecelrc/students/cjanecka/EE316L/Lab6/ShiftAddMultiplier/ShiftAddMultiplier.srcs/constrs_1/new/mult_constrs.xdc:27]
Resolution: If [get_<value>] was used to populate the object, check to make sure this command returns at least one valid object.
WARNING: [Vivado 12-584] No ports matched 'sw[10]'. [/home/ecelrc/students/cjanecka/EE316L/Lab6/ShiftAddMultiplier/ShiftAddMultiplier.srcs/constrs_1/new/mult_constrs.xdc:28]
CRITICAL WARNING: [Common 17-55] 'set_property' expects at least one object. [/home/ecelrc/students/cjanecka/EE316L/Lab6/ShiftAddMultiplier/ShiftAddMultiplier.srcs/constrs_1/new/mult_constrs.xdc:28]
Resolution: If [get_<value>] was used to populate the object, check to make sure this command returns at least one valid object.
WARNING: [Vivado 12-584] No ports matched 'sw[10]'. [/home/ecelrc/students/cjanecka/EE316L/Lab6/ShiftAddMultiplier/ShiftAddMultiplier.srcs/constrs_1/new/mult_constrs.xdc:29]
CRITICAL WARNING: [Common 17-55] 'set_property' expects at least one object. [/home/ecelrc/students/cjanecka/EE316L/Lab6/ShiftAddMultiplier/ShiftAddMultiplier.srcs/constrs_1/new/mult_constrs.xdc:29]
Resolution: If [get_<value>] was used to populate the object, check to make sure this command returns at least one valid object.
WARNING: [Vivado 12-584] No ports matched 'sw[11]'. [/home/ecelrc/students/cjanecka/EE316L/Lab6/ShiftAddMultiplier/ShiftAddMultiplier.srcs/constrs_1/new/mult_constrs.xdc:30]
CRITICAL WARNING: [Common 17-55] 'set_property' expects at least one object. [/home/ecelrc/students/cjanecka/EE316L/Lab6/ShiftAddMultiplier/ShiftAddMultiplier.srcs/constrs_1/new/mult_constrs.xdc:30]
Resolution: If [get_<value>] was used to populate the object, check to make sure this command returns at least one valid object.
WARNING: [Vivado 12-584] No ports matched 'sw[11]'. [/home/ecelrc/students/cjanecka/EE316L/Lab6/ShiftAddMultiplier/ShiftAddMultiplier.srcs/constrs_1/new/mult_constrs.xdc:31]
CRITICAL WARNING: [Common 17-55] 'set_property' expects at least one object. [/home/ecelrc/students/cjanecka/EE316L/Lab6/ShiftAddMultiplier/ShiftAddMultiplier.srcs/constrs_1/new/mult_constrs.xdc:31]
Resolution: If [get_<value>] was used to populate the object, check to make sure this command returns at least one valid object.
WARNING: [Vivado 12-584] No ports matched 'sw[12]'. [/home/ecelrc/students/cjanecka/EE316L/Lab6/ShiftAddMultiplier/ShiftAddMultiplier.srcs/constrs_1/new/mult_constrs.xdc:32]
CRITICAL WARNING: [Common 17-55] 'set_property' expects at least one object. [/home/ecelrc/students/cjanecka/EE316L/Lab6/ShiftAddMultiplier/ShiftAddMultiplier.srcs/constrs_1/new/mult_constrs.xdc:32]
Resolution: If [get_<value>] was used to populate the object, check to make sure this command returns at least one valid object.
WARNING: [Vivado 12-584] No ports matched 'sw[12]'. [/home/ecelrc/students/cjanecka/EE316L/Lab6/ShiftAddMultiplier/ShiftAddMultiplier.srcs/constrs_1/new/mult_constrs.xdc:33]
CRITICAL WARNING: [Common 17-55] 'set_property' expects at least one object. [/home/ecelrc/students/cjanecka/EE316L/Lab6/ShiftAddMultiplier/ShiftAddMultiplier.srcs/constrs_1/new/mult_constrs.xdc:33]
Resolution: If [get_<value>] was used to populate the object, check to make sure this command returns at least one valid object.
WARNING: [Vivado 12-584] No ports matched 'sw[13]'. [/home/ecelrc/students/cjanecka/EE316L/Lab6/ShiftAddMultiplier/ShiftAddMultiplier.srcs/constrs_1/new/mult_constrs.xdc:34]
CRITICAL WARNING: [Common 17-55] 'set_property' expects at least one object. [/home/ecelrc/students/cjanecka/EE316L/Lab6/ShiftAddMultiplier/ShiftAddMultiplier.srcs/constrs_1/new/mult_constrs.xdc:34]
Resolution: If [get_<value>] was used to populate the object, check to make sure this command returns at least one valid object.
WARNING: [Vivado 12-584] No ports matched 'sw[13]'. [/home/ecelrc/students/cjanecka/EE316L/Lab6/ShiftAddMultiplier/ShiftAddMultiplier.srcs/constrs_1/new/mult_constrs.xdc:35]
CRITICAL WARNING: [Common 17-55] 'set_property' expects at least one object. [/home/ecelrc/students/cjanecka/EE316L/Lab6/ShiftAddMultiplier/ShiftAddMultiplier.srcs/constrs_1/new/mult_constrs.xdc:35]
Resolution: If [get_<value>] was used to populate the object, check to make sure this command returns at least one valid object.
WARNING: [Vivado 12-584] No ports matched 'sw[14]'. [/home/ecelrc/students/cjanecka/EE316L/Lab6/ShiftAddMultiplier/ShiftAddMultiplier.srcs/constrs_1/new/mult_constrs.xdc:36]
CRITICAL WARNING: [Common 17-55] 'set_property' expects at least one object. [/home/ecelrc/students/cjanecka/EE316L/Lab6/ShiftAddMultiplier/ShiftAddMultiplier.srcs/constrs_1/new/mult_constrs.xdc:36]
Resolution: If [get_<value>] was used to populate the object, check to make sure this command returns at least one valid object.
WARNING: [Vivado 12-584] No ports matched 'sw[14]'. [/home/ecelrc/students/cjanecka/EE316L/Lab6/ShiftAddMultiplier/ShiftAddMultiplier.srcs/constrs_1/new/mult_constrs.xdc:37]
CRITICAL WARNING: [Common 17-55] 'set_property' expects at least one object. [/home/ecelrc/students/cjanecka/EE316L/Lab6/ShiftAddMultiplier/ShiftAddMultiplier.srcs/constrs_1/new/mult_constrs.xdc:37]
Resolution: If [get_<value>] was used to populate the object, check to make sure this command returns at least one valid object.
WARNING: [Vivado 12-584] No ports matched 'sw[15]'. [/home/ecelrc/students/cjanecka/EE316L/Lab6/ShiftAddMultiplier/ShiftAddMultiplier.srcs/constrs_1/new/mult_constrs.xdc:38]
CRITICAL WARNING: [Common 17-55] 'set_property' expects at least one object. [/home/ecelrc/students/cjanecka/EE316L/Lab6/ShiftAddMultiplier/ShiftAddMultiplier.srcs/constrs_1/new/mult_constrs.xdc:38]
Resolution: If [get_<value>] was used to populate the object, check to make sure this command returns at least one valid object.
WARNING: [Vivado 12-584] No ports matched 'sw[15]'. [/home/ecelrc/students/cjanecka/EE316L/Lab6/ShiftAddMultiplier/ShiftAddMultiplier.srcs/constrs_1/new/mult_constrs.xdc:39]
CRITICAL WARNING: [Common 17-55] 'set_property' expects at least one object. [/home/ecelrc/students/cjanecka/EE316L/Lab6/ShiftAddMultiplier/ShiftAddMultiplier.srcs/constrs_1/new/mult_constrs.xdc:39]
Resolution: If [get_<value>] was used to populate the object, check to make sure this command returns at least one valid object.
WARNING: [Vivado 12-584] No ports matched 'product[8]'. [/home/ecelrc/students/cjanecka/EE316L/Lab6/ShiftAddMultiplier/ShiftAddMultiplier.srcs/constrs_1/new/mult_constrs.xdc:59]
CRITICAL WARNING: [Common 17-55] 'set_property' expects at least one object. [/home/ecelrc/students/cjanecka/EE316L/Lab6/ShiftAddMultiplier/ShiftAddMultiplier.srcs/constrs_1/new/mult_constrs.xdc:59]
Resolution: If [get_<value>] was used to populate the object, check to make sure this command returns at least one valid object.
WARNING: [Vivado 12-584] No ports matched 'product[8]'. [/home/ecelrc/students/cjanecka/EE316L/Lab6/ShiftAddMultiplier/ShiftAddMultiplier.srcs/constrs_1/new/mult_constrs.xdc:60]
CRITICAL WARNING: [Common 17-55] 'set_property' expects at least one object. [/home/ecelrc/students/cjanecka/EE316L/Lab6/ShiftAddMultiplier/ShiftAddMultiplier.srcs/constrs_1/new/mult_constrs.xdc:60]
Resolution: If [get_<value>] was used to populate the object, check to make sure this command returns at least one valid object.
WARNING: [Vivado 12-584] No ports matched 'product[9]'. [/home/ecelrc/students/cjanecka/EE316L/Lab6/ShiftAddMultiplier/ShiftAddMultiplier.srcs/constrs_1/new/mult_constrs.xdc:61]
CRITICAL WARNING: [Common 17-55] 'set_property' expects at least one object. [/home/ecelrc/students/cjanecka/EE316L/Lab6/ShiftAddMultiplier/ShiftAddMultiplier.srcs/constrs_1/new/mult_constrs.xdc:61]
Resolution: If [get_<value>] was used to populate the object, check to make sure this command returns at least one valid object.
WARNING: [Vivado 12-584] No ports matched 'product[9]'. [/home/ecelrc/students/cjanecka/EE316L/Lab6/ShiftAddMultiplier/ShiftAddMultiplier.srcs/constrs_1/new/mult_constrs.xdc:62]
CRITICAL WARNING: [Common 17-55] 'set_property' expects at least one object. [/home/ecelrc/students/cjanecka/EE316L/Lab6/ShiftAddMultiplier/ShiftAddMultiplier.srcs/constrs_1/new/mult_constrs.xdc:62]
Resolution: If [get_<value>] was used to populate the object, check to make sure this command returns at least one valid object.
WARNING: [Vivado 12-584] No ports matched 'product[10]'. [/home/ecelrc/students/cjanecka/EE316L/Lab6/ShiftAddMultiplier/ShiftAddMultiplier.srcs/constrs_1/new/mult_constrs.xdc:63]
CRITICAL WARNING: [Common 17-55] 'set_property' expects at least one object. [/home/ecelrc/students/cjanecka/EE316L/Lab6/ShiftAddMultiplier/ShiftAddMultiplier.srcs/constrs_1/new/mult_constrs.xdc:63]
Resolution: If [get_<value>] was used to populate the object, check to make sure this command returns at least one valid object.
WARNING: [Vivado 12-584] No ports matched 'product[10]'. [/home/ecelrc/students/cjanecka/EE316L/Lab6/ShiftAddMultiplier/ShiftAddMultiplier.srcs/constrs_1/new/mult_constrs.xdc:64]
CRITICAL WARNING: [Common 17-55] 'set_property' expects at least one object. [/home/ecelrc/students/cjanecka/EE316L/Lab6/ShiftAddMultiplier/ShiftAddMultiplier.srcs/constrs_1/new/mult_constrs.xdc:64]
Resolution: If [get_<value>] was used to populate the object, check to make sure this command returns at least one valid object.
WARNING: [Vivado 12-584] No ports matched 'product[11]'. [/home/ecelrc/students/cjanecka/EE316L/Lab6/ShiftAddMultiplier/ShiftAddMultiplier.srcs/constrs_1/new/mult_constrs.xdc:65]
CRITICAL WARNING: [Common 17-55] 'set_property' expects at least one object. [/home/ecelrc/students/cjanecka/EE316L/Lab6/ShiftAddMultiplier/ShiftAddMultiplier.srcs/constrs_1/new/mult_constrs.xdc:65]
Resolution: If [get_<value>] was used to populate the object, check to make sure this command returns at least one valid object.
WARNING: [Vivado 12-584] No ports matched 'product[11]'. [/home/ecelrc/students/cjanecka/EE316L/Lab6/ShiftAddMultiplier/ShiftAddMultiplier.srcs/constrs_1/new/mult_constrs.xdc:66]
CRITICAL WARNING: [Common 17-55] 'set_property' expects at least one object. [/home/ecelrc/students/cjanecka/EE316L/Lab6/ShiftAddMultiplier/ShiftAddMultiplier.srcs/constrs_1/new/mult_constrs.xdc:66]
Resolution: If [get_<value>] was used to populate the object, check to make sure this command returns at least one valid object.
WARNING: [Vivado 12-584] No ports matched 'product[12]'. [/home/ecelrc/students/cjanecka/EE316L/Lab6/ShiftAddMultiplier/ShiftAddMultiplier.srcs/constrs_1/new/mult_constrs.xdc:67]
CRITICAL WARNING: [Common 17-55] 'set_property' expects at least one object. [/home/ecelrc/students/cjanecka/EE316L/Lab6/ShiftAddMultiplier/ShiftAddMultiplier.srcs/constrs_1/new/mult_constrs.xdc:67]
Resolution: If [get_<value>] was used to populate the object, check to make sure this command returns at least one valid object.
WARNING: [Vivado 12-584] No ports matched 'product[12]'. [/home/ecelrc/students/cjanecka/EE316L/Lab6/ShiftAddMultiplier/ShiftAddMultiplier.srcs/constrs_1/new/mult_constrs.xdc:68]
CRITICAL WARNING: [Common 17-55] 'set_property' expects at least one object. [/home/ecelrc/students/cjanecka/EE316L/Lab6/ShiftAddMultiplier/ShiftAddMultiplier.srcs/constrs_1/new/mult_constrs.xdc:68]
Resolution: If [get_<value>] was used to populate the object, check to make sure this command returns at least one valid object.
WARNING: [Vivado 12-584] No ports matched 'product[13]'. [/home/ecelrc/students/cjanecka/EE316L/Lab6/ShiftAddMultiplier/ShiftAddMultiplier.srcs/constrs_1/new/mult_constrs.xdc:69]
CRITICAL WARNING: [Common 17-55] 'set_property' expects at least one object. [/home/ecelrc/students/cjanecka/EE316L/Lab6/ShiftAddMultiplier/ShiftAddMultiplier.srcs/constrs_1/new/mult_constrs.xdc:69]
Resolution: If [get_<value>] was used to populate the object, check to make sure this command returns at least one valid object.
WARNING: [Vivado 12-584] No ports matched 'product[13]'. [/home/ecelrc/students/cjanecka/EE316L/Lab6/ShiftAddMultiplier/ShiftAddMultiplier.srcs/constrs_1/new/mult_constrs.xdc:70]
CRITICAL WARNING: [Common 17-55] 'set_property' expects at least one object. [/home/ecelrc/students/cjanecka/EE316L/Lab6/ShiftAddMultiplier/ShiftAddMultiplier.srcs/constrs_1/new/mult_constrs.xdc:70]
Resolution: If [get_<value>] was used to populate the object, check to make sure this command returns at least one valid object.
WARNING: [Vivado 12-584] No ports matched 'product[14]'. [/home/ecelrc/students/cjanecka/EE316L/Lab6/ShiftAddMultiplier/ShiftAddMultiplier.srcs/constrs_1/new/mult_constrs.xdc:71]
CRITICAL WARNING: [Common 17-55] 'set_property' expects at least one object. [/home/ecelrc/students/cjanecka/EE316L/Lab6/ShiftAddMultiplier/ShiftAddMultiplier.srcs/constrs_1/new/mult_constrs.xdc:71]
Resolution: If [get_<value>] was used to populate the object, check to make sure this command returns at least one valid object.
WARNING: [Vivado 12-584] No ports matched 'product[14]'. [/home/ecelrc/students/cjanecka/EE316L/Lab6/ShiftAddMultiplier/ShiftAddMultiplier.srcs/constrs_1/new/mult_constrs.xdc:72]
CRITICAL WARNING: [Common 17-55] 'set_property' expects at least one object. [/home/ecelrc/students/cjanecka/EE316L/Lab6/ShiftAddMultiplier/ShiftAddMultiplier.srcs/constrs_1/new/mult_constrs.xdc:72]
Resolution: If [get_<value>] was used to populate the object, check to make sure this command returns at least one valid object.
Finished Parsing XDC File [/home/ecelrc/students/cjanecka/EE316L/Lab6/ShiftAddMultiplier/ShiftAddMultiplier.srcs/constrs_1/new/mult_constrs.xdc]
INFO: [Project 1-236] Implementation specific constraints were found while reading constraint file [/home/ecelrc/students/cjanecka/EE316L/Lab6/ShiftAddMultiplier/ShiftAddMultiplier.srcs/constrs_1/new/mult_constrs.xdc]. These constraints will be ignored for synthesis but will be used in implementation. Impacted constraints are listed in the file [.Xil/mult_propImpl.xdc].
Resolution: To avoid this warning, move constraints listed in [.Xil/mult_propImpl.xdc] to another XDC file and exclude this new file from synthesis with the used_in_synthesis property (File Properties dialog in GUI) and re-run elaboration/synthesis.
Completed Processing XDC Constraints

INFO: [Project 1-111] Unisim Transformation Summary:
No Unisim elements were transformed.

Constraint Validation Runtime : Time (s): cpu = 00:00:00 ; elapsed = 00:00:00 . Memory (MB): peak = 1504.488 ; gain = 0.000 ; free physical = 80994 ; free virtual = 87694
---------------------------------------------------------------------------------
Finished Constraint Validation : Time (s): cpu = 00:00:20 ; elapsed = 00:00:22 . Memory (MB): peak = 1504.488 ; gain = 485.125 ; free physical = 80994 ; free virtual = 87694
---------------------------------------------------------------------------------
---------------------------------------------------------------------------------
Start Loading Part and Timing Information
---------------------------------------------------------------------------------
Loading part: xc7a35tcpg236-1
---------------------------------------------------------------------------------
Finished Loading Part and Timing Information : Time (s): cpu = 00:00:20 ; elapsed = 00:00:22 . Memory (MB): peak = 1504.488 ; gain = 485.125 ; free physical = 80994 ; free virtual = 87694
---------------------------------------------------------------------------------
---------------------------------------------------------------------------------
Start Applying 'set_property' XDC Constraints
---------------------------------------------------------------------------------
---------------------------------------------------------------------------------
Finished applying 'set_property' XDC Constraints : Time (s): cpu = 00:00:20 ; elapsed = 00:00:22 . Memory (MB): peak = 1504.488 ; gain = 485.125 ; free physical = 80991 ; free virtual = 87691
---------------------------------------------------------------------------------
INFO: [Synth 8-802] inferred FSM for state register 'cs_reg' in module 'mult'
INFO: [Synth 8-5544] ROM "stop_reg" won't be mapped to Block RAM because address size (3) smaller than threshold (5)
INFO: [Synth 8-5544] ROM "ACC" won't be mapped to Block RAM because address size (3) smaller than threshold (5)
INFO: [Synth 8-5544] ROM "count" won't be mapped to Block RAM because address size (3) smaller than threshold (5)
INFO: [Synth 8-5544] ROM "ns" won't be mapped to Block RAM because address size (1) smaller than threshold (5)
INFO: [Synth 8-5544] ROM "ns" won't be mapped to Block RAM because address size (1) smaller than threshold (5)
---------------------------------------------------------------------------------------------------
                   State |                     New Encoding |                Previous Encoding 
---------------------------------------------------------------------------------------------------
                  iSTATE |                              000 |                              000
                 iSTATE0 |                              001 |                              001
                 iSTATE1 |                              010 |                              010
                 iSTATE2 |                              011 |                              011
                 iSTATE3 |                              100 |                              100
---------------------------------------------------------------------------------------------------
INFO: [Synth 8-3354] encoded FSM with state register 'cs_reg' using encoding 'sequential' in module 'mult'
WARNING: [Synth 8-327] inferring latch for variable 'stop_reg_reg' [/home/ecelrc/students/cjanecka/EE316L/Lab6/ShiftAddMultiplier/ShiftAddMultiplier.srcs/sources_1/new/mult.v:39]
WARNING: [Synth 8-327] inferring latch for variable 'ACC_reg' [/home/ecelrc/students/cjanecka/EE316L/Lab6/ShiftAddMultiplier/ShiftAddMultiplier.srcs/sources_1/new/mult.v:71]
WARNING: [Synth 8-327] inferring latch for variable 'count_reg' [/home/ecelrc/students/cjanecka/EE316L/Lab6/ShiftAddMultiplier/ShiftAddMultiplier.srcs/sources_1/new/mult.v:87]
---------------------------------------------------------------------------------
Finished RTL Optimization Phase 2 : Time (s): cpu = 00:00:20 ; elapsed = 00:00:22 . Memory (MB): peak = 1504.488 ; gain = 485.125 ; free physical = 80997 ; free virtual = 87697
---------------------------------------------------------------------------------

Report RTL Partitions: 
+-+--------------+------------+----------+
| |RTL Partition |Replication |Instances |
+-+--------------+------------+----------+
+-+--------------+------------+----------+
---------------------------------------------------------------------------------
Start RTL Component Statistics 
---------------------------------------------------------------------------------
Detailed RTL Component Info : 
+---Adders : 
	   2 Input      9 Bit       Adders := 1     
	   2 Input      3 Bit       Adders := 1     
+---Muxes : 
	   5 Input      9 Bit        Muxes := 1     
	   5 Input      8 Bit        Muxes := 1     
	   9 Input      3 Bit        Muxes := 1     
	   5 Input      1 Bit        Muxes := 4     
---------------------------------------------------------------------------------
Finished RTL Component Statistics 
---------------------------------------------------------------------------------
---------------------------------------------------------------------------------
Start RTL Hierarchical Component Statistics 
---------------------------------------------------------------------------------
Hierarchical RTL Component report 
Module mult 
Detailed RTL Component Info : 
+---Adders : 
	   2 Input      9 Bit       Adders := 1     
	   2 Input      3 Bit       Adders := 1     
+---Muxes : 
	   5 Input      9 Bit        Muxes := 1     
	   5 Input      8 Bit        Muxes := 1     
	   9 Input      3 Bit        Muxes := 1     
	   5 Input      1 Bit        Muxes := 4     
---------------------------------------------------------------------------------
Finished RTL Hierarchical Component Statistics
---------------------------------------------------------------------------------
---------------------------------------------------------------------------------
Start Part Resource Summary
---------------------------------------------------------------------------------
Part Resources:
DSPs: 90 (col length:60)
BRAMs: 100 (col length: RAMB18 60 RAMB36 30)
---------------------------------------------------------------------------------
Finished Part Resource Summary
---------------------------------------------------------------------------------
---------------------------------------------------------------------------------
Start Cross Boundary and Area Optimization
---------------------------------------------------------------------------------
---------------------------------------------------------------------------------
Finished Cross Boundary and Area Optimization : Time (s): cpu = 00:00:20 ; elapsed = 00:00:22 . Memory (MB): peak = 1504.488 ; gain = 485.125 ; free physical = 80997 ; free virtual = 87697
---------------------------------------------------------------------------------

Report RTL Partitions: 
+-+--------------+------------+----------+
| |RTL Partition |Replication |Instances |
+-+--------------+------------+----------+
+-+--------------+------------+----------+
---------------------------------------------------------------------------------
Start Timing Optimization
---------------------------------------------------------------------------------
---------------------------------------------------------------------------------
Start Applying XDC Timing Constraints
---------------------------------------------------------------------------------
---------------------------------------------------------------------------------
Finished Applying XDC Timing Constraints : Time (s): cpu = 00:00:29 ; elapsed = 00:00:31 . Memory (MB): peak = 1504.488 ; gain = 485.125 ; free physical = 80994 ; free virtual = 87694
---------------------------------------------------------------------------------
---------------------------------------------------------------------------------
Finished Timing Optimization : Time (s): cpu = 00:00:29 ; elapsed = 00:00:31 . Memory (MB): peak = 1504.488 ; gain = 485.125 ; free physical = 80992 ; free virtual = 87692
---------------------------------------------------------------------------------

Report RTL Partitions: 
+-+--------------+------------+----------+
| |RTL Partition |Replication |Instances |
+-+--------------+------------+----------+
+-+--------------+------------+----------+
---------------------------------------------------------------------------------
Start Technology Mapping
---------------------------------------------------------------------------------
---------------------------------------------------------------------------------
Finished Technology Mapping : Time (s): cpu = 00:00:29 ; elapsed = 00:00:31 . Memory (MB): peak = 1504.488 ; gain = 485.125 ; free physical = 80980 ; free virtual = 87680
---------------------------------------------------------------------------------

Report RTL Partitions: 
+-+--------------+------------+----------+
| |RTL Partition |Replication |Instances |
+-+--------------+------------+----------+
+-+--------------+------------+----------+
---------------------------------------------------------------------------------
Start IO Insertion
---------------------------------------------------------------------------------
---------------------------------------------------------------------------------
Start Flattening Before IO Insertion
---------------------------------------------------------------------------------
---------------------------------------------------------------------------------
Finished Flattening Before IO Insertion
---------------------------------------------------------------------------------
---------------------------------------------------------------------------------
Start Final Netlist Cleanup
---------------------------------------------------------------------------------
---------------------------------------------------------------------------------
Finished Final Netlist Cleanup
---------------------------------------------------------------------------------
---------------------------------------------------------------------------------
Finished IO Insertion : Time (s): cpu = 00:00:29 ; elapsed = 00:00:32 . Memory (MB): peak = 1504.488 ; gain = 485.125 ; free physical = 80988 ; free virtual = 87688
---------------------------------------------------------------------------------

Report Check Netlist: 
+------+------------------+-------+---------+-------+------------------+
|      |Item              |Errors |Warnings |Status |Description       |
+------+------------------+-------+---------+-------+------------------+
|1     |multi_driven_nets |      0|        0|Passed |Multi driven nets |
+------+------------------+-------+---------+-------+------------------+
---------------------------------------------------------------------------------
Start Renaming Generated Instances
---------------------------------------------------------------------------------
---------------------------------------------------------------------------------
Finished Renaming Generated Instances : Time (s): cpu = 00:00:29 ; elapsed = 00:00:32 . Memory (MB): peak = 1504.488 ; gain = 485.125 ; free physical = 80987 ; free virtual = 87688
---------------------------------------------------------------------------------

Report RTL Partitions: 
+-+--------------+------------+----------+
| |RTL Partition |Replication |Instances |
+-+--------------+------------+----------+
+-+--------------+------------+----------+
---------------------------------------------------------------------------------
Start Rebuilding User Hierarchy
---------------------------------------------------------------------------------
---------------------------------------------------------------------------------
Finished Rebuilding User Hierarchy : Time (s): cpu = 00:00:29 ; elapsed = 00:00:32 . Memory (MB): peak = 1504.488 ; gain = 485.125 ; free physical = 80987 ; free virtual = 87687
---------------------------------------------------------------------------------
---------------------------------------------------------------------------------
Start Renaming Generated Ports
---------------------------------------------------------------------------------
---------------------------------------------------------------------------------
Finished Renaming Generated Ports : Time (s): cpu = 00:00:29 ; elapsed = 00:00:32 . Memory (MB): peak = 1504.488 ; gain = 485.125 ; free physical = 80986 ; free virtual = 87687
---------------------------------------------------------------------------------
---------------------------------------------------------------------------------
Start Handling Custom Attributes
---------------------------------------------------------------------------------
---------------------------------------------------------------------------------
Finished Handling Custom Attributes : Time (s): cpu = 00:00:29 ; elapsed = 00:00:32 . Memory (MB): peak = 1504.488 ; gain = 485.125 ; free physical = 80982 ; free virtual = 87682
---------------------------------------------------------------------------------
---------------------------------------------------------------------------------
Start Renaming Generated Nets
---------------------------------------------------------------------------------
---------------------------------------------------------------------------------
Finished Renaming Generated Nets : Time (s): cpu = 00:00:29 ; elapsed = 00:00:32 . Memory (MB): peak = 1504.488 ; gain = 485.125 ; free physical = 80982 ; free virtual = 87682
---------------------------------------------------------------------------------
---------------------------------------------------------------------------------
Start Writing Synthesis Report
---------------------------------------------------------------------------------

Report BlackBoxes: 
+-+--------------+----------+
| |BlackBox name |Instances |
+-+--------------+----------+
+-+--------------+----------+

Report Cell Usage: 
+------+-------+------+
|      |Cell   |Count |
+------+-------+------+
|1     |BUFG   |     1|
|2     |CARRY4 |     2|
|3     |LUT1   |     3|
|4     |LUT2   |     7|
|5     |LUT3   |     4|
|6     |LUT4   |     2|
|7     |LUT5   |     8|
|8     |LUT6   |    10|
|9     |FDRE   |     3|
|10    |LD     |    13|
|11    |IBUF   |    10|
|12    |OBUF   |     9|
+------+-------+------+

Report Instance Areas: 
+------+---------+-------+------+
|      |Instance |Module |Cells |
+------+---------+-------+------+
|1     |top      |       |    72|
+------+---------+-------+------+
---------------------------------------------------------------------------------
Finished Writing Synthesis Report : Time (s): cpu = 00:00:29 ; elapsed = 00:00:32 . Memory (MB): peak = 1504.488 ; gain = 485.125 ; free physical = 80981 ; free virtual = 87682
---------------------------------------------------------------------------------
Synthesis finished with 0 errors, 0 critical warnings and 3 warnings.
Synthesis Optimization Runtime : Time (s): cpu = 00:00:21 ; elapsed = 00:00:22 . Memory (MB): peak = 1504.488 ; gain = 86.477 ; free physical = 80984 ; free virtual = 87684
Synthesis Optimization Complete : Time (s): cpu = 00:00:29 ; elapsed = 00:00:32 . Memory (MB): peak = 1504.488 ; gain = 485.125 ; free physical = 80985 ; free virtual = 87685
INFO: [Project 1-571] Translating synthesized netlist
INFO: [Netlist 29-17] Analyzing 25 Unisim elements for replacement
INFO: [Netlist 29-28] Unisim Transformation completed in 0 CPU seconds
INFO: [Project 1-570] Preparing netlist for logic optimization
INFO: [Opt 31-138] Pushed 0 inverter(s) to 0 load pin(s).
INFO: [Project 1-111] Unisim Transformation Summary:
  A total of 13 instances were transformed.
  LD => LDCE: 13 instances

INFO: [Common 17-83] Releasing license: Synthesis
25 Infos, 35 Warnings, 30 Critical Warnings and 0 Errors encountered.
synth_design completed successfully
synth_design: Time (s): cpu = 00:00:28 ; elapsed = 00:00:29 . Memory (MB): peak = 1513.508 ; gain = 426.641 ; free physical = 80990 ; free virtual = 87691
INFO: [Common 17-1381] The checkpoint '/home/ecelrc/students/cjanecka/EE316L/Lab6/ShiftAddMultiplier/ShiftAddMultiplier.runs/synth_1/mult.dcp' has been generated.
report_utilization: Time (s): cpu = 00:00:00.04 ; elapsed = 00:00:00.11 . Memory (MB): peak = 1543.523 ; gain = 0.000 ; free physical = 80990 ; free virtual = 87690
INFO: [Common 17-206] Exiting Vivado at Mon May  4 18:49:14 2020...
