
*** Running vivado
    with args -log mult.vdi -applog -m64 -product Vivado -messageDb vivado.pb -mode batch -source mult.tcl -notrace


****** Vivado v2016.4 (64-bit)
  **** SW Build 1756540 on Mon Jan 23 19:11:19 MST 2017
  **** IP Build 1755317 on Mon Jan 23 20:30:07 MST 2017
    ** Copyright 1986-2016 Xilinx, Inc. All Rights Reserved.

source mult.tcl -notrace
Design is defaulting to srcset: sources_1
Design is defaulting to constrset: constrs_1
INFO: [Netlist 29-17] Analyzing 12 Unisim elements for replacement
INFO: [Netlist 29-28] Unisim Transformation completed in 0 CPU seconds
INFO: [Project 1-479] Netlist was created with Vivado 2016.4
INFO: [Device 21-403] Loading part xc7a35tcpg236-1
INFO: [Project 1-570] Preparing netlist for logic optimization
Parsing XDC File [/home/ecelrc/students/cjanecka/EE316L/Lab6/ShiftAddMultiplier/ShiftAddMultiplier.srcs/constrs_1/new/mult_constrs.xdc]
WARNING: [Vivado 12-584] No ports matched 'sw[8]'. [/home/ecelrc/students/cjanecka/EE316L/Lab6/ShiftAddMultiplier/ShiftAddMultiplier.srcs/constrs_1/new/mult_constrs.xdc:24]
CRITICAL WARNING: [Common 17-55] 'set_property' expects at least one object. [/home/ecelrc/students/cjanecka/EE316L/Lab6/ShiftAddMultiplier/ShiftAddMultiplier.srcs/constrs_1/new/mult_constrs.xdc:24]
Resolution: If [get_<value>] was used to populate the object, check to make sure this command returns at least one valid object.
WARNING: [Vivado 12-584] No ports matched 'sw[8]'. [/home/ecelrc/students/cjanecka/EE316L/Lab6/ShiftAddMultiplier/ShiftAddMultiplier.srcs/constrs_1/new/mult_constrs.xdc:25]
CRITICAL WARNING: [Common 17-55] 'set_property' expects at least one object. [/home/ecelrc/students/cjanecka/EE316L/Lab6/ShiftAddMultiplier/ShiftAddMultiplier.srcs/constrs_1/new/mult_constrs.xdc:25]
Resolution: If [get_<value>] was used to populate the object, check to make sure this command returns at least one valid object.
WARNING: [Vivado 12-584] No ports matched 'sw[9]'. [/home/ecelrc/students/cjanecka/EE316L/Lab6/ShiftAddMultiplier/ShiftAddMultiplier.srcs/constrs_1/new/mult_constrs.xdc:26]
CRITICAL WARNING: [Common 17-55] 'set_property' expects at least one object. [/home/ecelrc/students/cjanecka/EE316L/Lab6/ShiftAddMultiplier/ShiftAddMultiplier.srcs/constrs_1/new/mult_constrs.xdc:26]
Resolution: If [get_<value>] was used to populate the object, check to make sure this command returns at least one valid object.
WARNING: [Vivado 12-584] No ports matched 'sw[9]'. [/home/ecelrc/students/cjanecka/EE316L/Lab6/ShiftAddMultiplier/ShiftAddMultiplier.srcs/constrs_1/new/mult_constrs.xdc:27]
CRITICAL WARNING: [Common 17-55] 'set_property' expects at least one object. [/home/ecelrc/students/cjanecka/EE316L/Lab6/ShiftAddMultiplier/ShiftAddMultiplier.srcs/constrs_1/new/mult_constrs.xdc:27]
Resolution: If [get_<value>] was used to populate the object, check to make sure this command returns at least one valid object.
WARNING: [Vivado 12-584] No ports matched 'sw[10]'. [/home/ecelrc/students/cjanecka/EE316L/Lab6/ShiftAddMultiplier/ShiftAddMultiplier.srcs/constrs_1/new/mult_constrs.xdc:28]
CRITICAL WARNING: [Common 17-55] 'set_property' expects at least one object. [/home/ecelrc/students/cjanecka/EE316L/Lab6/ShiftAddMultiplier/ShiftAddMultiplier.srcs/constrs_1/new/mult_constrs.xdc:28]
Resolution: If [get_<value>] was used to populate the object, check to make sure this command returns at least one valid object.
WARNING: [Vivado 12-584] No ports matched 'sw[10]'. [/home/ecelrc/students/cjanecka/EE316L/Lab6/ShiftAddMultiplier/ShiftAddMultiplier.srcs/constrs_1/new/mult_constrs.xdc:29]
CRITICAL WARNING: [Common 17-55] 'set_property' expects at least one object. [/home/ecelrc/students/cjanecka/EE316L/Lab6/ShiftAddMultiplier/ShiftAddMultiplier.srcs/constrs_1/new/mult_constrs.xdc:29]
Resolution: If [get_<value>] was used to populate the object, check to make sure this command returns at least one valid object.
WARNING: [Vivado 12-584] No ports matched 'sw[11]'. [/home/ecelrc/students/cjanecka/EE316L/Lab6/ShiftAddMultiplier/ShiftAddMultiplier.srcs/constrs_1/new/mult_constrs.xdc:30]
CRITICAL WARNING: [Common 17-55] 'set_property' expects at least one object. [/home/ecelrc/students/cjanecka/EE316L/Lab6/ShiftAddMultiplier/ShiftAddMultiplier.srcs/constrs_1/new/mult_constrs.xdc:30]
Resolution: If [get_<value>] was used to populate the object, check to make sure this command returns at least one valid object.
WARNING: [Vivado 12-584] No ports matched 'sw[11]'. [/home/ecelrc/students/cjanecka/EE316L/Lab6/ShiftAddMultiplier/ShiftAddMultiplier.srcs/constrs_1/new/mult_constrs.xdc:31]
CRITICAL WARNING: [Common 17-55] 'set_property' expects at least one object. [/home/ecelrc/students/cjanecka/EE316L/Lab6/ShiftAddMultiplier/ShiftAddMultiplier.srcs/constrs_1/new/mult_constrs.xdc:31]
Resolution: If [get_<value>] was used to populate the object, check to make sure this command returns at least one valid object.
WARNING: [Vivado 12-584] No ports matched 'sw[12]'. [/home/ecelrc/students/cjanecka/EE316L/Lab6/ShiftAddMultiplier/ShiftAddMultiplier.srcs/constrs_1/new/mult_constrs.xdc:32]
CRITICAL WARNING: [Common 17-55] 'set_property' expects at least one object. [/home/ecelrc/students/cjanecka/EE316L/Lab6/ShiftAddMultiplier/ShiftAddMultiplier.srcs/constrs_1/new/mult_constrs.xdc:32]
Resolution: If [get_<value>] was used to populate the object, check to make sure this command returns at least one valid object.
WARNING: [Vivado 12-584] No ports matched 'sw[12]'. [/home/ecelrc/students/cjanecka/EE316L/Lab6/ShiftAddMultiplier/ShiftAddMultiplier.srcs/constrs_1/new/mult_constrs.xdc:33]
CRITICAL WARNING: [Common 17-55] 'set_property' expects at least one object. [/home/ecelrc/students/cjanecka/EE316L/Lab6/ShiftAddMultiplier/ShiftAddMultiplier.srcs/constrs_1/new/mult_constrs.xdc:33]
Resolution: If [get_<value>] was used to populate the object, check to make sure this command returns at least one valid object.
WARNING: [Vivado 12-584] No ports matched 'sw[13]'. [/home/ecelrc/students/cjanecka/EE316L/Lab6/ShiftAddMultiplier/ShiftAddMultiplier.srcs/constrs_1/new/mult_constrs.xdc:34]
CRITICAL WARNING: [Common 17-55] 'set_property' expects at least one object. [/home/ecelrc/students/cjanecka/EE316L/Lab6/ShiftAddMultiplier/ShiftAddMultiplier.srcs/constrs_1/new/mult_constrs.xdc:34]
Resolution: If [get_<value>] was used to populate the object, check to make sure this command returns at least one valid object.
WARNING: [Vivado 12-584] No ports matched 'sw[13]'. [/home/ecelrc/students/cjanecka/EE316L/Lab6/ShiftAddMultiplier/ShiftAddMultiplier.srcs/constrs_1/new/mult_constrs.xdc:35]
CRITICAL WARNING: [Common 17-55] 'set_property' expects at least one object. [/home/ecelrc/students/cjanecka/EE316L/Lab6/ShiftAddMultiplier/ShiftAddMultiplier.srcs/constrs_1/new/mult_constrs.xdc:35]
Resolution: If [get_<value>] was used to populate the object, check to make sure this command returns at least one valid object.
WARNING: [Vivado 12-584] No ports matched 'sw[14]'. [/home/ecelrc/students/cjanecka/EE316L/Lab6/ShiftAddMultiplier/ShiftAddMultiplier.srcs/constrs_1/new/mult_constrs.xdc:36]
CRITICAL WARNING: [Common 17-55] 'set_property' expects at least one object. [/home/ecelrc/students/cjanecka/EE316L/Lab6/ShiftAddMultiplier/ShiftAddMultiplier.srcs/constrs_1/new/mult_constrs.xdc:36]
Resolution: If [get_<value>] was used to populate the object, check to make sure this command returns at least one valid object.
WARNING: [Vivado 12-584] No ports matched 'sw[14]'. [/home/ecelrc/students/cjanecka/EE316L/Lab6/ShiftAddMultiplier/ShiftAddMultiplier.srcs/constrs_1/new/mult_constrs.xdc:37]
CRITICAL WARNING: [Common 17-55] 'set_property' expects at least one object. [/home/ecelrc/students/cjanecka/EE316L/Lab6/ShiftAddMultiplier/ShiftAddMultiplier.srcs/constrs_1/new/mult_constrs.xdc:37]
Resolution: If [get_<value>] was used to populate the object, check to make sure this command returns at least one valid object.
WARNING: [Vivado 12-584] No ports matched 'sw[15]'. [/home/ecelrc/students/cjanecka/EE316L/Lab6/ShiftAddMultiplier/ShiftAddMultiplier.srcs/constrs_1/new/mult_constrs.xdc:38]
CRITICAL WARNING: [Common 17-55] 'set_property' expects at least one object. [/home/ecelrc/students/cjanecka/EE316L/Lab6/ShiftAddMultiplier/ShiftAddMultiplier.srcs/constrs_1/new/mult_constrs.xdc:38]
Resolution: If [get_<value>] was used to populate the object, check to make sure this command returns at least one valid object.
WARNING: [Vivado 12-584] No ports matched 'sw[15]'. [/home/ecelrc/students/cjanecka/EE316L/Lab6/ShiftAddMultiplier/ShiftAddMultiplier.srcs/constrs_1/new/mult_constrs.xdc:39]
CRITICAL WARNING: [Common 17-55] 'set_property' expects at least one object. [/home/ecelrc/students/cjanecka/EE316L/Lab6/ShiftAddMultiplier/ShiftAddMultiplier.srcs/constrs_1/new/mult_constrs.xdc:39]
Resolution: If [get_<value>] was used to populate the object, check to make sure this command returns at least one valid object.
WARNING: [Vivado 12-584] No ports matched 'product[8]'. [/home/ecelrc/students/cjanecka/EE316L/Lab6/ShiftAddMultiplier/ShiftAddMultiplier.srcs/constrs_1/new/mult_constrs.xdc:59]
CRITICAL WARNING: [Common 17-55] 'set_property' expects at least one object. [/home/ecelrc/students/cjanecka/EE316L/Lab6/ShiftAddMultiplier/ShiftAddMultiplier.srcs/constrs_1/new/mult_constrs.xdc:59]
Resolution: If [get_<value>] was used to populate the object, check to make sure this command returns at least one valid object.
WARNING: [Vivado 12-584] No ports matched 'product[8]'. [/home/ecelrc/students/cjanecka/EE316L/Lab6/ShiftAddMultiplier/ShiftAddMultiplier.srcs/constrs_1/new/mult_constrs.xdc:60]
CRITICAL WARNING: [Common 17-55] 'set_property' expects at least one object. [/home/ecelrc/students/cjanecka/EE316L/Lab6/ShiftAddMultiplier/ShiftAddMultiplier.srcs/constrs_1/new/mult_constrs.xdc:60]
Resolution: If [get_<value>] was used to populate the object, check to make sure this command returns at least one valid object.
WARNING: [Vivado 12-584] No ports matched 'product[9]'. [/home/ecelrc/students/cjanecka/EE316L/Lab6/ShiftAddMultiplier/ShiftAddMultiplier.srcs/constrs_1/new/mult_constrs.xdc:61]
CRITICAL WARNING: [Common 17-55] 'set_property' expects at least one object. [/home/ecelrc/students/cjanecka/EE316L/Lab6/ShiftAddMultiplier/ShiftAddMultiplier.srcs/constrs_1/new/mult_constrs.xdc:61]
Resolution: If [get_<value>] was used to populate the object, check to make sure this command returns at least one valid object.
WARNING: [Vivado 12-584] No ports matched 'product[9]'. [/home/ecelrc/students/cjanecka/EE316L/Lab6/ShiftAddMultiplier/ShiftAddMultiplier.srcs/constrs_1/new/mult_constrs.xdc:62]
CRITICAL WARNING: [Common 17-55] 'set_property' expects at least one object. [/home/ecelrc/students/cjanecka/EE316L/Lab6/ShiftAddMultiplier/ShiftAddMultiplier.srcs/constrs_1/new/mult_constrs.xdc:62]
Resolution: If [get_<value>] was used to populate the object, check to make sure this command returns at least one valid object.
WARNING: [Vivado 12-584] No ports matched 'product[10]'. [/home/ecelrc/students/cjanecka/EE316L/Lab6/ShiftAddMultiplier/ShiftAddMultiplier.srcs/constrs_1/new/mult_constrs.xdc:63]
CRITICAL WARNING: [Common 17-55] 'set_property' expects at least one object. [/home/ecelrc/students/cjanecka/EE316L/Lab6/ShiftAddMultiplier/ShiftAddMultiplier.srcs/constrs_1/new/mult_constrs.xdc:63]
Resolution: If [get_<value>] was used to populate the object, check to make sure this command returns at least one valid object.
WARNING: [Vivado 12-584] No ports matched 'product[10]'. [/home/ecelrc/students/cjanecka/EE316L/Lab6/ShiftAddMultiplier/ShiftAddMultiplier.srcs/constrs_1/new/mult_constrs.xdc:64]
CRITICAL WARNING: [Common 17-55] 'set_property' expects at least one object. [/home/ecelrc/students/cjanecka/EE316L/Lab6/ShiftAddMultiplier/ShiftAddMultiplier.srcs/constrs_1/new/mult_constrs.xdc:64]
Resolution: If [get_<value>] was used to populate the object, check to make sure this command returns at least one valid object.
WARNING: [Vivado 12-584] No ports matched 'product[11]'. [/home/ecelrc/students/cjanecka/EE316L/Lab6/ShiftAddMultiplier/ShiftAddMultiplier.srcs/constrs_1/new/mult_constrs.xdc:65]
CRITICAL WARNING: [Common 17-55] 'set_property' expects at least one object. [/home/ecelrc/students/cjanecka/EE316L/Lab6/ShiftAddMultiplier/ShiftAddMultiplier.srcs/constrs_1/new/mult_constrs.xdc:65]
Resolution: If [get_<value>] was used to populate the object, check to make sure this command returns at least one valid object.
WARNING: [Vivado 12-584] No ports matched 'product[11]'. [/home/ecelrc/students/cjanecka/EE316L/Lab6/ShiftAddMultiplier/ShiftAddMultiplier.srcs/constrs_1/new/mult_constrs.xdc:66]
CRITICAL WARNING: [Common 17-55] 'set_property' expects at least one object. [/home/ecelrc/students/cjanecka/EE316L/Lab6/ShiftAddMultiplier/ShiftAddMultiplier.srcs/constrs_1/new/mult_constrs.xdc:66]
Resolution: If [get_<value>] was used to populate the object, check to make sure this command returns at least one valid object.
WARNING: [Vivado 12-584] No ports matched 'product[12]'. [/home/ecelrc/students/cjanecka/EE316L/Lab6/ShiftAddMultiplier/ShiftAddMultiplier.srcs/constrs_1/new/mult_constrs.xdc:67]
CRITICAL WARNING: [Common 17-55] 'set_property' expects at least one object. [/home/ecelrc/students/cjanecka/EE316L/Lab6/ShiftAddMultiplier/ShiftAddMultiplier.srcs/constrs_1/new/mult_constrs.xdc:67]
Resolution: If [get_<value>] was used to populate the object, check to make sure this command returns at least one valid object.
WARNING: [Vivado 12-584] No ports matched 'product[12]'. [/home/ecelrc/students/cjanecka/EE316L/Lab6/ShiftAddMultiplier/ShiftAddMultiplier.srcs/constrs_1/new/mult_constrs.xdc:68]
CRITICAL WARNING: [Common 17-55] 'set_property' expects at least one object. [/home/ecelrc/students/cjanecka/EE316L/Lab6/ShiftAddMultiplier/ShiftAddMultiplier.srcs/constrs_1/new/mult_constrs.xdc:68]
Resolution: If [get_<value>] was used to populate the object, check to make sure this command returns at least one valid object.
WARNING: [Vivado 12-584] No ports matched 'product[13]'. [/home/ecelrc/students/cjanecka/EE316L/Lab6/ShiftAddMultiplier/ShiftAddMultiplier.srcs/constrs_1/new/mult_constrs.xdc:69]
CRITICAL WARNING: [Common 17-55] 'set_property' expects at least one object. [/home/ecelrc/students/cjanecka/EE316L/Lab6/ShiftAddMultiplier/ShiftAddMultiplier.srcs/constrs_1/new/mult_constrs.xdc:69]
Resolution: If [get_<value>] was used to populate the object, check to make sure this command returns at least one valid object.
WARNING: [Vivado 12-584] No ports matched 'product[13]'. [/home/ecelrc/students/cjanecka/EE316L/Lab6/ShiftAddMultiplier/ShiftAddMultiplier.srcs/constrs_1/new/mult_constrs.xdc:70]
CRITICAL WARNING: [Common 17-55] 'set_property' expects at least one object. [/home/ecelrc/students/cjanecka/EE316L/Lab6/ShiftAddMultiplier/ShiftAddMultiplier.srcs/constrs_1/new/mult_constrs.xdc:70]
Resolution: If [get_<value>] was used to populate the object, check to make sure this command returns at least one valid object.
WARNING: [Vivado 12-584] No ports matched 'product[14]'. [/home/ecelrc/students/cjanecka/EE316L/Lab6/ShiftAddMultiplier/ShiftAddMultiplier.srcs/constrs_1/new/mult_constrs.xdc:71]
CRITICAL WARNING: [Common 17-55] 'set_property' expects at least one object. [/home/ecelrc/students/cjanecka/EE316L/Lab6/ShiftAddMultiplier/ShiftAddMultiplier.srcs/constrs_1/new/mult_constrs.xdc:71]
Resolution: If [get_<value>] was used to populate the object, check to make sure this command returns at least one valid object.
WARNING: [Vivado 12-584] No ports matched 'product[14]'. [/home/ecelrc/students/cjanecka/EE316L/Lab6/ShiftAddMultiplier/ShiftAddMultiplier.srcs/constrs_1/new/mult_constrs.xdc:72]
CRITICAL WARNING: [Common 17-55] 'set_property' expects at least one object. [/home/ecelrc/students/cjanecka/EE316L/Lab6/ShiftAddMultiplier/ShiftAddMultiplier.srcs/constrs_1/new/mult_constrs.xdc:72]
Resolution: If [get_<value>] was used to populate the object, check to make sure this command returns at least one valid object.
Finished Parsing XDC File [/home/ecelrc/students/cjanecka/EE316L/Lab6/ShiftAddMultiplier/ShiftAddMultiplier.srcs/constrs_1/new/mult_constrs.xdc]
INFO: [Opt 31-138] Pushed 0 inverter(s) to 0 load pin(s).
INFO: [Project 1-111] Unisim Transformation Summary:
No Unisim elements were transformed.

link_design: Time (s): cpu = 00:00:06 ; elapsed = 00:00:06 . Memory (MB): peak = 1369.734 ; gain = 282.855 ; free physical = 81129 ; free virtual = 87829
INFO: [Vivado_Tcl 4-424] Cannot write hardware definition file as there are no IPI block design hardware handoff files present
Command: opt_design
Attempting to get a license for feature 'Implementation' and/or device 'xc7a35t'
INFO: [Common 17-349] Got license for feature 'Implementation' and/or device 'xc7a35t'
Running DRC as a precondition to command opt_design

Starting DRC Task
INFO: [DRC 23-27] Running DRC with 8 threads
INFO: [Project 1-461] DRC finished with 0 Errors
INFO: [Project 1-462] Please refer to the DRC report (report_drc) for more information.

Time (s): cpu = 00:00:01 ; elapsed = 00:00:00.27 . Memory (MB): peak = 1495.766 ; gain = 126.031 ; free physical = 81089 ; free virtual = 87789
INFO: [Timing 38-35] Done setting XDC timing constraints.

Starting Logic Optimization Task
Implement Debug Cores | Checksum: 1022a7ec8

Phase 1 Retarget
INFO: [Opt 31-138] Pushed 0 inverter(s) to 0 load pin(s).
INFO: [Opt 31-49] Retargeted 0 cell(s).
Phase 1 Retarget | Checksum: 94ec6a3d

Time (s): cpu = 00:00:00.02 ; elapsed = 00:00:00.01 . Memory (MB): peak = 1891.195 ; gain = 0.000 ; free physical = 80746 ; free virtual = 87446

Phase 2 Constant propagation
INFO: [Opt 31-138] Pushed 0 inverter(s) to 0 load pin(s).
INFO: [Opt 31-10] Eliminated 0 cells.
Phase 2 Constant propagation | Checksum: 94ec6a3d

Time (s): cpu = 00:00:00.02 ; elapsed = 00:00:00.01 . Memory (MB): peak = 1891.195 ; gain = 0.000 ; free physical = 80746 ; free virtual = 87446

Phase 3 Sweep
INFO: [Opt 31-12] Eliminated 4 unconnected nets.
INFO: [Opt 31-11] Eliminated 0 unconnected cells.
Phase 3 Sweep | Checksum: 1b77fcbda

Time (s): cpu = 00:00:00.02 ; elapsed = 00:00:00.02 . Memory (MB): peak = 1891.195 ; gain = 0.000 ; free physical = 80746 ; free virtual = 87446

Phase 4 BUFG optimization
INFO: [Opt 31-12] Eliminated 0 unconnected nets.
INFO: [Opt 31-11] Eliminated 0 unconnected cells.
Phase 4 BUFG optimization | Checksum: 1b77fcbda

Time (s): cpu = 00:00:00.03 ; elapsed = 00:00:00.03 . Memory (MB): peak = 1891.195 ; gain = 0.000 ; free physical = 80746 ; free virtual = 87446

Starting Connectivity Check Task

Time (s): cpu = 00:00:00 ; elapsed = 00:00:00 . Memory (MB): peak = 1891.195 ; gain = 0.000 ; free physical = 80746 ; free virtual = 87446
Ending Logic Optimization Task | Checksum: 1b77fcbda

Time (s): cpu = 00:00:00.03 ; elapsed = 00:00:00.03 . Memory (MB): peak = 1891.195 ; gain = 0.000 ; free physical = 80746 ; free virtual = 87446

Starting Power Optimization Task
INFO: [Pwropt 34-132] Skipping clock gating for clocks with a period < 2.00 ns.
Ending Power Optimization Task | Checksum: 1b77fcbda

Time (s): cpu = 00:00:00.01 ; elapsed = 00:00:00.01 . Memory (MB): peak = 1891.195 ; gain = 0.000 ; free physical = 80746 ; free virtual = 87446
INFO: [Common 17-83] Releasing license: Implementation
23 Infos, 30 Warnings, 30 Critical Warnings and 0 Errors encountered.
opt_design completed successfully
opt_design: Time (s): cpu = 00:00:12 ; elapsed = 00:00:11 . Memory (MB): peak = 1891.195 ; gain = 521.461 ; free physical = 80746 ; free virtual = 87446
Writing placer database...
Writing XDEF routing.
Writing XDEF routing logical nets.
Writing XDEF routing special nets.
Write XDEF Complete: Time (s): cpu = 00:00:00.02 ; elapsed = 00:00:00.04 . Memory (MB): peak = 1921.203 ; gain = 0.000 ; free physical = 80745 ; free virtual = 87446
INFO: [Common 17-1381] The checkpoint '/home/ecelrc/students/cjanecka/EE316L/Lab6/ShiftAddMultiplier/ShiftAddMultiplier.runs/impl_1/mult_opt.dcp' has been generated.
INFO: [DRC 23-27] Running DRC with 8 threads
INFO: [Coretcl 2-168] The results of DRC are in file /home/ecelrc/students/cjanecka/EE316L/Lab6/ShiftAddMultiplier/ShiftAddMultiplier.runs/impl_1/mult_drc_opted.rpt.
INFO: [Chipscope 16-241] No debug cores found in the current design.
Before running the implement_debug_core command, either use the Set Up Debug wizard (GUI mode)
or use the create_debug_core and connect_debug_core Tcl commands to insert debug cores into the design.
Command: place_design
Attempting to get a license for feature 'Implementation' and/or device 'xc7a35t'
INFO: [Common 17-349] Got license for feature 'Implementation' and/or device 'xc7a35t'
INFO: [DRC 23-27] Running DRC with 8 threads
INFO: [Vivado_Tcl 4-198] DRC finished with 0 Errors
INFO: [Vivado_Tcl 4-199] Please refer to the DRC report (report_drc) for more information.
Running DRC as a precondition to command place_design
INFO: [DRC 23-27] Running DRC with 8 threads
INFO: [Vivado_Tcl 4-198] DRC finished with 0 Errors
INFO: [Vivado_Tcl 4-199] Please refer to the DRC report (report_drc) for more information.

Starting Placer Task
INFO: [Place 30-611] Multithreading enabled for place_design using a maximum of 8 CPUs

Phase 1 Placer Initialization
Netlist sorting complete. Time (s): cpu = 00:00:00 ; elapsed = 00:00:00 . Memory (MB): peak = 1971.227 ; gain = 0.000 ; free physical = 80715 ; free virtual = 87416
Netlist sorting complete. Time (s): cpu = 00:00:00 ; elapsed = 00:00:00 . Memory (MB): peak = 1971.227 ; gain = 0.000 ; free physical = 80715 ; free virtual = 87415

Phase 1.1 IO Placement/ Clock Placement/ Build Placer Device
INFO: [Timing 38-35] Done setting XDC timing constraints.
Phase 1.1 IO Placement/ Clock Placement/ Build Placer Device | Checksum: 1ba94e613

Time (s): cpu = 00:00:00.92 ; elapsed = 00:00:00.50 . Memory (MB): peak = 1971.227 ; gain = 0.000 ; free physical = 80716 ; free virtual = 87417

Phase 1.2 Build Placer Netlist Model
Phase 1.2 Build Placer Netlist Model | Checksum: 2493d8f9d

Time (s): cpu = 00:00:01 ; elapsed = 00:00:00.56 . Memory (MB): peak = 1997.223 ; gain = 25.996 ; free physical = 80714 ; free virtual = 87415

Phase 1.3 Constrain Clocks/Macros
Phase 1.3 Constrain Clocks/Macros | Checksum: 2493d8f9d

Time (s): cpu = 00:00:01 ; elapsed = 00:00:00.56 . Memory (MB): peak = 1997.223 ; gain = 25.996 ; free physical = 80714 ; free virtual = 87415
Phase 1 Placer Initialization | Checksum: 2493d8f9d

Time (s): cpu = 00:00:01 ; elapsed = 00:00:00.57 . Memory (MB): peak = 1997.223 ; gain = 25.996 ; free physical = 80714 ; free virtual = 87414

Phase 2 Global Placement
Phase 2 Global Placement | Checksum: 1e8e5027e

Time (s): cpu = 00:00:02 ; elapsed = 00:00:00.74 . Memory (MB): peak = 2077.254 ; gain = 106.027 ; free physical = 80703 ; free virtual = 87403

Phase 3 Detail Placement

Phase 3.1 Commit Multi Column Macros
Phase 3.1 Commit Multi Column Macros | Checksum: 1e8e5027e

Time (s): cpu = 00:00:02 ; elapsed = 00:00:00.74 . Memory (MB): peak = 2077.254 ; gain = 106.027 ; free physical = 80702 ; free virtual = 87402

Phase 3.2 Commit Most Macros & LUTRAMs
Phase 3.2 Commit Most Macros & LUTRAMs | Checksum: 215d004f6

Time (s): cpu = 00:00:02 ; elapsed = 00:00:00.77 . Memory (MB): peak = 2077.254 ; gain = 106.027 ; free physical = 80700 ; free virtual = 87400

Phase 3.3 Area Swap Optimization
Phase 3.3 Area Swap Optimization | Checksum: 219676751

Time (s): cpu = 00:00:02 ; elapsed = 00:00:00.78 . Memory (MB): peak = 2077.254 ; gain = 106.027 ; free physical = 80701 ; free virtual = 87401

Phase 3.4 Pipeline Register Optimization
Phase 3.4 Pipeline Register Optimization | Checksum: 219676751

Time (s): cpu = 00:00:02 ; elapsed = 00:00:00.78 . Memory (MB): peak = 2077.254 ; gain = 106.027 ; free physical = 80701 ; free virtual = 87401

Phase 3.5 Timing Path Optimizer
Phase 3.5 Timing Path Optimizer | Checksum: 1e3910535

Time (s): cpu = 00:00:02 ; elapsed = 00:00:00.79 . Memory (MB): peak = 2077.254 ; gain = 106.027 ; free physical = 80700 ; free virtual = 87400

Phase 3.6 Small Shape Detail Placement
Phase 3.6 Small Shape Detail Placement | Checksum: 146f6cf76

Time (s): cpu = 00:00:03 ; elapsed = 00:00:00.88 . Memory (MB): peak = 2077.254 ; gain = 106.027 ; free physical = 80703 ; free virtual = 87403

Phase 3.7 Re-assign LUT pins
Phase 3.7 Re-assign LUT pins | Checksum: 125b55289

Time (s): cpu = 00:00:03 ; elapsed = 00:00:00.88 . Memory (MB): peak = 2077.254 ; gain = 106.027 ; free physical = 80703 ; free virtual = 87403

Phase 3.8 Pipeline Register Optimization
Phase 3.8 Pipeline Register Optimization | Checksum: 125b55289

Time (s): cpu = 00:00:03 ; elapsed = 00:00:00.89 . Memory (MB): peak = 2077.254 ; gain = 106.027 ; free physical = 80703 ; free virtual = 87403
Phase 3 Detail Placement | Checksum: 125b55289

Time (s): cpu = 00:00:03 ; elapsed = 00:00:00.89 . Memory (MB): peak = 2077.254 ; gain = 106.027 ; free physical = 80702 ; free virtual = 87402

Phase 4 Post Placement Optimization and Clean-Up

Phase 4.1 Post Commit Optimization
INFO: [Timing 38-35] Done setting XDC timing constraints.

Phase 4.1.1 Post Placement Optimization
INFO: [Place 30-746] Post Placement Timing Summary WNS=7.951. For the most accurate timing information please run report_timing.
Phase 4.1.1 Post Placement Optimization | Checksum: 18d0fd5fd

Time (s): cpu = 00:00:03 ; elapsed = 00:00:00.95 . Memory (MB): peak = 2077.254 ; gain = 106.027 ; free physical = 80697 ; free virtual = 87398
Phase 4.1 Post Commit Optimization | Checksum: 18d0fd5fd

Time (s): cpu = 00:00:03 ; elapsed = 00:00:00.95 . Memory (MB): peak = 2077.254 ; gain = 106.027 ; free physical = 80697 ; free virtual = 87397

Phase 4.2 Post Placement Cleanup
Phase 4.2 Post Placement Cleanup | Checksum: 18d0fd5fd

Time (s): cpu = 00:00:03 ; elapsed = 00:00:00.96 . Memory (MB): peak = 2077.254 ; gain = 106.027 ; free physical = 80696 ; free virtual = 87397

Phase 4.3 Placer Reporting
Phase 4.3 Placer Reporting | Checksum: 18d0fd5fd

Time (s): cpu = 00:00:03 ; elapsed = 00:00:00.96 . Memory (MB): peak = 2077.254 ; gain = 106.027 ; free physical = 80696 ; free virtual = 87397

Phase 4.4 Final Placement Cleanup
Phase 4.4 Final Placement Cleanup | Checksum: 1bf3acbf2

Time (s): cpu = 00:00:03 ; elapsed = 00:00:00.96 . Memory (MB): peak = 2077.254 ; gain = 106.027 ; free physical = 80701 ; free virtual = 87401
Phase 4 Post Placement Optimization and Clean-Up | Checksum: 1bf3acbf2

Time (s): cpu = 00:00:03 ; elapsed = 00:00:00.96 . Memory (MB): peak = 2077.254 ; gain = 106.027 ; free physical = 80701 ; free virtual = 87401
Ending Placer Task | Checksum: ebe269f3

Time (s): cpu = 00:00:03 ; elapsed = 00:00:00.96 . Memory (MB): peak = 2077.254 ; gain = 106.027 ; free physical = 80708 ; free virtual = 87408
INFO: [Common 17-83] Releasing license: Implementation
39 Infos, 30 Warnings, 30 Critical Warnings and 0 Errors encountered.
place_design completed successfully
Writing placer database...
Writing XDEF routing.
Writing XDEF routing logical nets.
Writing XDEF routing special nets.
Write XDEF Complete: Time (s): cpu = 00:00:00.02 ; elapsed = 00:00:00.03 . Memory (MB): peak = 2077.254 ; gain = 0.000 ; free physical = 80703 ; free virtual = 87404
INFO: [Common 17-1381] The checkpoint '/home/ecelrc/students/cjanecka/EE316L/Lab6/ShiftAddMultiplier/ShiftAddMultiplier.runs/impl_1/mult_placed.dcp' has been generated.
report_io: Time (s): cpu = 00:00:00.11 ; elapsed = 00:00:00.18 . Memory (MB): peak = 2077.254 ; gain = 0.000 ; free physical = 80705 ; free virtual = 87405
report_utilization: Time (s): cpu = 00:00:00.03 ; elapsed = 00:00:00.12 . Memory (MB): peak = 2077.254 ; gain = 0.000 ; free physical = 80707 ; free virtual = 87407
report_control_sets: Time (s): cpu = 00:00:00.02 ; elapsed = 00:00:00.09 . Memory (MB): peak = 2077.254 ; gain = 0.000 ; free physical = 80697 ; free virtual = 87398
Command: route_design
Attempting to get a license for feature 'Implementation' and/or device 'xc7a35t'
INFO: [Common 17-349] Got license for feature 'Implementation' and/or device 'xc7a35t'
Running DRC as a precondition to command route_design
INFO: [DRC 23-27] Running DRC with 8 threads
INFO: [Vivado_Tcl 4-198] DRC finished with 0 Errors
INFO: [Vivado_Tcl 4-199] Please refer to the DRC report (report_drc) for more information.


Starting Routing Task
INFO: [Route 35-254] Multithreading enabled for route_design using a maximum of 8 CPUs
Checksum: PlaceDB: 4a8c929b ConstDB: 0 ShapeSum: a155d758 RouteDB: 0

Phase 1 Build RT Design
Phase 1 Build RT Design | Checksum: 120122d16

Time (s): cpu = 00:00:18 ; elapsed = 00:00:15 . Memory (MB): peak = 2077.254 ; gain = 0.000 ; free physical = 80588 ; free virtual = 87296

Phase 2 Router Initialization

Phase 2.1 Create Timer
Phase 2.1 Create Timer | Checksum: 120122d16

Time (s): cpu = 00:00:18 ; elapsed = 00:00:15 . Memory (MB): peak = 2077.254 ; gain = 0.000 ; free physical = 80587 ; free virtual = 87295

Phase 2.2 Fix Topology Constraints
Phase 2.2 Fix Topology Constraints | Checksum: 120122d16

Time (s): cpu = 00:00:18 ; elapsed = 00:00:15 . Memory (MB): peak = 2077.254 ; gain = 0.000 ; free physical = 80562 ; free virtual = 87270

Phase 2.3 Pre Route Cleanup
Phase 2.3 Pre Route Cleanup | Checksum: 120122d16

Time (s): cpu = 00:00:18 ; elapsed = 00:00:15 . Memory (MB): peak = 2077.254 ; gain = 0.000 ; free physical = 80562 ; free virtual = 87270
 Number of Nodes with overlaps = 0

Phase 2.4 Update Timing
Phase 2.4 Update Timing | Checksum: 1948e518d

Time (s): cpu = 00:00:18 ; elapsed = 00:00:15 . Memory (MB): peak = 2077.254 ; gain = 0.000 ; free physical = 80565 ; free virtual = 87272
INFO: [Route 35-416] Intermediate Timing Summary | WNS=7.920  | TNS=0.000  | WHS=-0.070 | THS=-0.190 |

Phase 2 Router Initialization | Checksum: 24750f9b6

Time (s): cpu = 00:00:18 ; elapsed = 00:00:15 . Memory (MB): peak = 2077.254 ; gain = 0.000 ; free physical = 80565 ; free virtual = 87273

Phase 3 Initial Routing
Phase 3 Initial Routing | Checksum: 114f9e010

Time (s): cpu = 00:00:18 ; elapsed = 00:00:15 . Memory (MB): peak = 2077.254 ; gain = 0.000 ; free physical = 80563 ; free virtual = 87276

Phase 4 Rip-up And Reroute

Phase 4.1 Global Iteration 0
 Number of Nodes with overlaps = 1
 Number of Nodes with overlaps = 0

Phase 4.1.1 Update Timing
Phase 4.1.1 Update Timing | Checksum: 1dcdc5cb3

Time (s): cpu = 00:00:19 ; elapsed = 00:00:15 . Memory (MB): peak = 2077.254 ; gain = 0.000 ; free physical = 80571 ; free virtual = 87278
INFO: [Route 35-416] Intermediate Timing Summary | WNS=8.112  | TNS=0.000  | WHS=N/A    | THS=N/A    |

Phase 4.1 Global Iteration 0 | Checksum: 1583463c6

Time (s): cpu = 00:00:19 ; elapsed = 00:00:15 . Memory (MB): peak = 2077.254 ; gain = 0.000 ; free physical = 80570 ; free virtual = 87278
Phase 4 Rip-up And Reroute | Checksum: 1583463c6

Time (s): cpu = 00:00:19 ; elapsed = 00:00:15 . Memory (MB): peak = 2077.254 ; gain = 0.000 ; free physical = 80569 ; free virtual = 87277

Phase 5 Delay and Skew Optimization

Phase 5.1 Delay CleanUp
Phase 5.1 Delay CleanUp | Checksum: 1583463c6

Time (s): cpu = 00:00:19 ; elapsed = 00:00:15 . Memory (MB): peak = 2077.254 ; gain = 0.000 ; free physical = 80569 ; free virtual = 87277

Phase 5.2 Clock Skew Optimization
Phase 5.2 Clock Skew Optimization | Checksum: 1583463c6

Time (s): cpu = 00:00:19 ; elapsed = 00:00:15 . Memory (MB): peak = 2077.254 ; gain = 0.000 ; free physical = 80569 ; free virtual = 87277
Phase 5 Delay and Skew Optimization | Checksum: 1583463c6

Time (s): cpu = 00:00:19 ; elapsed = 00:00:15 . Memory (MB): peak = 2077.254 ; gain = 0.000 ; free physical = 80569 ; free virtual = 87277

Phase 6 Post Hold Fix

Phase 6.1 Hold Fix Iter

Phase 6.1.1 Update Timing
Phase 6.1.1 Update Timing | Checksum: 196786f5a

Time (s): cpu = 00:00:19 ; elapsed = 00:00:15 . Memory (MB): peak = 2077.254 ; gain = 0.000 ; free physical = 80568 ; free virtual = 87276
INFO: [Route 35-416] Intermediate Timing Summary | WNS=8.205  | TNS=0.000  | WHS=0.328  | THS=0.000  |

Phase 6.1 Hold Fix Iter | Checksum: 196786f5a

Time (s): cpu = 00:00:19 ; elapsed = 00:00:15 . Memory (MB): peak = 2077.254 ; gain = 0.000 ; free physical = 80568 ; free virtual = 87276
Phase 6 Post Hold Fix | Checksum: 196786f5a

Time (s): cpu = 00:00:19 ; elapsed = 00:00:15 . Memory (MB): peak = 2077.254 ; gain = 0.000 ; free physical = 80568 ; free virtual = 87276

Phase 7 Route finalize

Router Utilization Summary
  Global Vertical Routing Utilization    = 0.0203301 %
  Global Horizontal Routing Utilization  = 0.0134045 %
  Routable Net Status*
  *Does not include unroutable nets such as driverless and loadless.
  Run report_route_status for detailed report.
  Number of Failed Nets               = 0
  Number of Unrouted Nets             = 0
  Number of Partially Routed Nets     = 0
  Number of Node Overlaps             = 0

Phase 7 Route finalize | Checksum: 1e7a3f2a7

Time (s): cpu = 00:00:19 ; elapsed = 00:00:15 . Memory (MB): peak = 2077.254 ; gain = 0.000 ; free physical = 80566 ; free virtual = 87274

Phase 8 Verifying routed nets

 Verification completed successfully
Phase 8 Verifying routed nets | Checksum: 1e7a3f2a7

Time (s): cpu = 00:00:19 ; elapsed = 00:00:15 . Memory (MB): peak = 2077.254 ; gain = 0.000 ; free physical = 80565 ; free virtual = 87272

Phase 9 Depositing Routes
Phase 9 Depositing Routes | Checksum: 1ed079252

Time (s): cpu = 00:00:19 ; elapsed = 00:00:15 . Memory (MB): peak = 2077.254 ; gain = 0.000 ; free physical = 80575 ; free virtual = 87282

Phase 10 Post Router Timing
INFO: [Route 35-57] Estimated Timing Summary | WNS=8.205  | TNS=0.000  | WHS=0.328  | THS=0.000  |

INFO: [Route 35-327] The final timing numbers are based on the router estimated timing analysis. For a complete and accurate timing signoff, please run report_timing_summary.
Phase 10 Post Router Timing | Checksum: 1ed079252

Time (s): cpu = 00:00:19 ; elapsed = 00:00:15 . Memory (MB): peak = 2077.254 ; gain = 0.000 ; free physical = 80575 ; free virtual = 87282
INFO: [Route 35-16] Router Completed Successfully

Time (s): cpu = 00:00:19 ; elapsed = 00:00:15 . Memory (MB): peak = 2077.254 ; gain = 0.000 ; free physical = 80575 ; free virtual = 87282

Routing Is Done.
INFO: [Common 17-83] Releasing license: Implementation
52 Infos, 30 Warnings, 30 Critical Warnings and 0 Errors encountered.
route_design completed successfully
route_design: Time (s): cpu = 00:00:21 ; elapsed = 00:00:16 . Memory (MB): peak = 2077.254 ; gain = 0.000 ; free physical = 80574 ; free virtual = 87281
Writing placer database...
Writing XDEF routing.
Writing XDEF routing logical nets.
Writing XDEF routing special nets.
Write XDEF Complete: Time (s): cpu = 00:00:00.03 ; elapsed = 00:00:00.04 . Memory (MB): peak = 2077.254 ; gain = 0.000 ; free physical = 80577 ; free virtual = 87279
INFO: [Common 17-1381] The checkpoint '/home/ecelrc/students/cjanecka/EE316L/Lab6/ShiftAddMultiplier/ShiftAddMultiplier.runs/impl_1/mult_routed.dcp' has been generated.
INFO: [DRC 23-27] Running DRC with 8 threads
INFO: [Coretcl 2-168] The results of DRC are in file /home/ecelrc/students/cjanecka/EE316L/Lab6/ShiftAddMultiplier/ShiftAddMultiplier.runs/impl_1/mult_drc_routed.rpt.
INFO: [Timing 38-35] Done setting XDC timing constraints.
INFO: [DRC 23-133] Running Methodology with 8 threads
INFO: [Coretcl 2-1520] The results of Report Methodology are in file /home/ecelrc/students/cjanecka/EE316L/Lab6/ShiftAddMultiplier/ShiftAddMultiplier.runs/impl_1/mult_methodology_drc_routed.rpt.
INFO: [Timing 38-35] Done setting XDC timing constraints.
INFO: [Timing 38-91] UpdateTimingParams: Speed grade: -1, Delay Type: min_max.
INFO: [Timing 38-191] Multithreading enabled for timing update using a maximum of 8 CPUs
INFO: [Timing 38-35] Done setting XDC timing constraints.
Command: report_power -file mult_power_routed.rpt -pb mult_power_summary_routed.pb -rpx mult_power_routed.rpx
Running Vector-less Activity Propagation...

Finished Running Vector-less Activity Propagation
62 Infos, 30 Warnings, 30 Critical Warnings and 0 Errors encountered.
report_power completed successfully
Command: write_bitstream -force -no_partial_bitfile mult.bit
Attempting to get a license for feature 'Implementation' and/or device 'xc7a35t'
INFO: [Common 17-349] Got license for feature 'Implementation' and/or device 'xc7a35t'
Running DRC as a precondition to command write_bitstream
INFO: [DRC 23-27] Running DRC with 8 threads
WARNING: [DRC 23-20] Rule violation (CFGBVS-1) Missing CFGBVS and CONFIG_VOLTAGE Design Properties - Neither the CFGBVS nor CONFIG_VOLTAGE voltage property is set in the current_design.  Configuration bank voltage select (CFGBVS) must be set to VCCO or GND, and CONFIG_VOLTAGE must be set to the correct configuration voltage, in order to determine the I/O voltage support for the pins in bank 0.  It is suggested to specify these either using the 'Edit Device Properties' function in the GUI or directly in the XDC file using the following syntax:

 set_property CFGBVS value1 [current_design]
 #where value1 is either VCCO or GND

 set_property CONFIG_VOLTAGE value2 [current_design]
 #where value2 is the voltage provided to configuration bank 0

Refer to the device configuration user guide for more information.
WARNING: [DRC 23-20] Rule violation (PDRC-153) Gated clock check - Net ACC_reg[8]_i_2_n_0 is a gated clock net sourced by a combinational pin ACC_reg[8]_i_2/O, cell ACC_reg[8]_i_2. This is not good design practice and will likely impact performance. For SLICE registers, for example, use the CE pin to control the loading of data.
WARNING: [DRC 23-20] Rule violation (PDRC-153) Gated clock check - Net count_reg[2]_i_2_n_0 is a gated clock net sourced by a combinational pin count_reg[2]_i_2/O, cell count_reg[2]_i_2. This is not good design practice and will likely impact performance. For SLICE registers, for example, use the CE pin to control the loading of data.
WARNING: [DRC 23-20] Rule violation (PDRC-153) Gated clock check - Net stop_reg_reg_i_2_n_0 is a gated clock net sourced by a combinational pin stop_reg_reg_i_2/O, cell stop_reg_reg_i_2. This is not good design practice and will likely impact performance. For SLICE registers, for example, use the CE pin to control the loading of data.
INFO: [Vivado 12-3199] DRC finished with 0 Errors, 4 Warnings
INFO: [Vivado 12-3200] Please refer to the DRC report (report_drc) for more information.
Loading data files...
Loading site data...
Loading route data...
Processing options...
Creating bitmap...
Creating bitstream...
Writing bitstream ./mult.bit...
INFO: [Vivado 12-1842] Bitgen Completed Successfully.
INFO: [Common 17-83] Releasing license: Implementation
68 Infos, 34 Warnings, 30 Critical Warnings and 0 Errors encountered.
write_bitstream completed successfully
write_bitstream: Time (s): cpu = 00:00:11 ; elapsed = 00:00:09 . Memory (MB): peak = 2376.676 ; gain = 192.621 ; free physical = 80262 ; free virtual = 86968
INFO: [Vivado_Tcl 4-395] Unable to parse hwdef file mult.hwdef
INFO: [Common 17-206] Exiting Vivado at Mon May  4 18:50:11 2020...
